The system is: Linux - 3.10.0-1160.90.1.el7.x86_64 - x86_64
Compiling the C compiler identification source file "CMakeCCompilerId.c" succeeded.
Compiler: /opt/sw/rev/21.12/haswell/gcc-4.8.5/gcc-9.3.0-dsemxk/bin/gcc 
Build flags: 
Id flags:  

The output was:
0


Compilation of the C compiler identification source "CMakeCCompilerId.c" produced "a.out"

The C compiler identification is GNU, found in "/usr/users/hpctraining56/HPC/hpc/build/CMakeFiles/3.21.4/CompilerIdC/a.out"

Detecting C compiler ABI info compiled with the following output:
Change Dir: /usr/users/hpctraining56/HPC/hpc/build/CMakeFiles/CMakeTmp

Run Build Command(s):/usr/bin/gmake -f Makefile cmTC_7597d/fast && /usr/bin/gmake  -f CMakeFiles/cmTC_7597d.dir/build.make CMakeFiles/cmTC_7597d.dir/build
gmake[1]: Entering directory `/home/uni08/hpctraining56/HPC/hpc/build/CMakeFiles/CMakeTmp'
Building C object CMakeFiles/cmTC_7597d.dir/CMakeCCompilerABI.c.o
/opt/sw/rev/21.12/haswell/gcc-4.8.5/gcc-9.3.0-dsemxk/bin/gcc   -v -o CMakeFiles/cmTC_7597d.dir/CMakeCCompilerABI.c.o -c /opt/sw/rev/21.12/haswell/gcc-9.3.0/cmake-3.21.4-kwuyqx/share/cmake-3.21/Modules/CMakeCCompilerABI.c
Reading specs from /opt/sw/rev/21.12/haswell/gcc-4.8.5/gcc-9.3.0-dsemxk/lib/gcc/x86_64-pc-linux-gnu/9.3.0/specs
COLLECT_GCC=/opt/sw/rev/21.12/haswell/gcc-4.8.5/gcc-9.3.0-dsemxk/bin/gcc
Target: x86_64-pc-linux-gnu
Configured with: /dev/shm/spack/build/parallel/spack-stage-gcc-9.3.0-dsemxkrscq37ws4ebiluluni2yfy4x4f/spack-src/configure --prefix=/opt/sw/rev/21.12/haswell/gcc-4.8.5/gcc-9.3.0-dsemxk --with-pkgversion='Spack GCC' --with-bugurl=https://github.com/spack/spack/issues --disable-multilib --enable-languages=c,c++,fortran --disable-nls --with-system-zlib --enable-bootstrap --with-mpfr-include=/opt/sw/rev/21.12/haswell/gcc-4.8.5/mpfr-3.1.6-22qap7/include --with-mpfr-lib=/opt/sw/rev/21.12/haswell/gcc-4.8.5/mpfr-3.1.6-22qap7/lib --with-gmp-include=/opt/sw/rev/21.12/haswell/gcc-4.8.5/gmp-6.2.1-4huaro/include --with-gmp-lib=/opt/sw/rev/21.12/haswell/gcc-4.8.5/gmp-6.2.1-4huaro/lib --with-mpc-include=/opt/sw/rev/21.12/haswell/gcc-4.8.5/mpc-1.1.0-pv4jgc/include --with-mpc-lib=/opt/sw/rev/21.12/haswell/gcc-4.8.5/mpc-1.1.0-pv4jgc/lib --without-isl --with-stage1-ldflags='-Wl,-rpath,/opt/sw/rev/21.12/haswell/gcc-4.8.5/gcc-9.3.0-dsemxk/lib -Wl,-rpath,/opt/sw/rev/21.12/haswell/gcc-4.8.5/gcc-9.3.0-dsemxk/lib64 -Wl,-rpath,/opt/sw/rev/21.12/haswell/gcc-4.8.5/gmp-6.2.1-4huaro/lib -Wl,-rpath,/opt/sw/rev/21.12/haswell/gcc-4.8.5/zlib-1.2.11-ixo344/lib -Wl,-rpath,/opt/sw/rev/21.12/haswell/gcc-4.8.5/mpc-1.1.0-pv4jgc/lib -Wl,-rpath,/opt/sw/rev/21.12/haswell/gcc-4.8.5/mpfr-3.1.6-22qap7/lib' --with-boot-ldflags='-Wl,-rpath,/opt/sw/rev/21.12/haswell/gcc-4.8.5/gcc-9.3.0-dsemxk/lib -Wl,-rpath,/opt/sw/rev/21.12/haswell/gcc-4.8.5/gcc-9.3.0-dsemxk/lib64 -Wl,-rpath,/opt/sw/rev/21.12/haswell/gcc-4.8.5/gmp-6.2.1-4huaro/lib -Wl,-rpath,/opt/sw/rev/21.12/haswell/gcc-4.8.5/zlib-1.2.11-ixo344/lib -Wl,-rpath,/opt/sw/rev/21.12/haswell/gcc-4.8.5/mpc-1.1.0-pv4jgc/lib -Wl,-rpath,/opt/sw/rev/21.12/haswell/gcc-4.8.5/mpfr-3.1.6-22qap7/lib -static-libstdc++ -static-libgcc'
Thread model: posix
gcc version 9.3.0 (Spack GCC) 
COLLECT_GCC_OPTIONS='-v' '-o' 'CMakeFiles/cmTC_7597d.dir/CMakeCCompilerABI.c.o' '-c' '-mtune=generic' '-march=x86-64'
 /opt/sw/rev/21.12/haswell/gcc-4.8.5/gcc-9.3.0-dsemxk/libexec/gcc/x86_64-pc-linux-gnu/9.3.0/cc1 -quiet -v /opt/sw/rev/21.12/haswell/gcc-9.3.0/cmake-3.21.4-kwuyqx/share/cmake-3.21/Modules/CMakeCCompilerABI.c -quiet -dumpbase CMakeCCompilerABI.c -mtune=generic -march=x86-64 -auxbase-strip CMakeFiles/cmTC_7597d.dir/CMakeCCompilerABI.c.o -version -o /tmp/ccGqhKZX.s
GNU C17 (Spack GCC) version 9.3.0 (x86_64-pc-linux-gnu)
	compiled by GNU C version 9.3.0, GMP version 6.2.1, MPFR version 3.1.6-p2, MPC version 1.1.0, isl version none
GGC heuristics: --param ggc-min-expand=100 --param ggc-min-heapsize=131072
ignoring duplicate directory "/opt/sw/rev/21.12/haswell/gcc-4.8.5/gcc-9.3.0-dsemxk/include"
ignoring nonexistent directory "/opt/sw/rev/21.12/haswell/gcc-4.8.5/gcc-9.3.0-dsemxk/lib/gcc/x86_64-pc-linux-gnu/9.3.0/../../../../x86_64-pc-linux-gnu/include"
#include "..." search starts here:
#include <...> search starts here:
 /opt/sw/rev/21.12/haswell/gcc-9.3.0/scorep-7.0-5z46kv/include
 /opt/sw/rev/21.12/cascadelake/gcc-9.3.0/openmpi-4.1.1-ibhhql/include
 /opt/sw/rev/21.12/haswell/gcc-4.8.5/gcc-9.3.0-dsemxk/include
 /opt/sw/rev/21.12/haswell/gcc-4.8.5/gcc-9.3.0-dsemxk/lib/gcc/x86_64-pc-linux-gnu/9.3.0/include
 /usr/local/include
 /opt/sw/rev/21.12/haswell/gcc-4.8.5/gcc-9.3.0-dsemxk/lib/gcc/x86_64-pc-linux-gnu/9.3.0/include-fixed
 /usr/include
End of search list.
GNU C17 (Spack GCC) version 9.3.0 (x86_64-pc-linux-gnu)
	compiled by GNU C version 9.3.0, GMP version 6.2.1, MPFR version 3.1.6-p2, MPC version 1.1.0, isl version none
GGC heuristics: --param ggc-min-expand=100 --param ggc-min-heapsize=131072
Compiler executable checksum: 06d5ba9561e1f3859400987916fc4855
COLLECT_GCC_OPTIONS='-v' '-o' 'CMakeFiles/cmTC_7597d.dir/CMakeCCompilerABI.c.o' '-c' '-mtune=generic' '-march=x86-64'
 as -v --64 -o CMakeFiles/cmTC_7597d.dir/CMakeCCompilerABI.c.o /tmp/ccGqhKZX.s
GNU assembler version 2.27 (x86_64-redhat-linux) using BFD version version 2.27-44.base.el7_9.1
COMPILER_PATH=/opt/sw/rev/21.12/haswell/gcc-4.8.5/gcc-9.3.0-dsemxk/libexec/gcc/x86_64-pc-linux-gnu/9.3.0/:/opt/sw/rev/21.12/haswell/gcc-4.8.5/gcc-9.3.0-dsemxk/libexec/gcc/x86_64-pc-linux-gnu/9.3.0/:/opt/sw/rev/21.12/haswell/gcc-4.8.5/gcc-9.3.0-dsemxk/libexec/gcc/x86_64-pc-linux-gnu/:/opt/sw/rev/21.12/haswell/gcc-4.8.5/gcc-9.3.0-dsemxk/lib/gcc/x86_64-pc-linux-gnu/9.3.0/:/opt/sw/rev/21.12/haswell/gcc-4.8.5/gcc-9.3.0-dsemxk/lib/gcc/x86_64-pc-linux-gnu/
LIBRARY_PATH=/opt/sw/rev/21.12/haswell/gcc-4.8.5/gcc-9.3.0-dsemxk/lib64/../lib64/:/opt/sw/rev/21.12/haswell/gcc-4.8.5/gcc-9.3.0-dsemxk/lib/../lib64/:/opt/sw/rev/21.12/haswell/gcc-4.8.5/gcc-9.3.0-dsemxk/lib/gcc/x86_64-pc-linux-gnu/9.3.0/:/opt/sw/rev/21.12/haswell/gcc-4.8.5/gcc-9.3.0-dsemxk/lib/gcc/x86_64-pc-linux-gnu/9.3.0/../../../../lib64/:/lib/../lib64/:/usr/lib/../lib64/:/opt/sw/rev/21.12/haswell/gcc-9.3.0/scorep-7.0-5z46kv/lib/:/opt/sw/rev/21.12/cascadelake/gcc-9.3.0/openmpi-4.1.1-ibhhql/lib/:/opt/sw/rev/21.12/haswell/gcc-4.8.5/gcc-9.3.0-dsemxk/lib64/:/opt/sw/rev/21.12/haswell/gcc-4.8.5/gcc-9.3.0-dsemxk/lib/:/opt/sw/rev/21.12/haswell/gcc-4.8.5/gcc-9.3.0-dsemxk/lib/gcc/x86_64-pc-linux-gnu/9.3.0/../../../:/lib/:/usr/lib/
COLLECT_GCC_OPTIONS='-v' '-o' 'CMakeFiles/cmTC_7597d.dir/CMakeCCompilerABI.c.o' '-c' '-mtune=generic' '-march=x86-64'
Linking C executable cmTC_7597d
/opt/sw/rev/21.12/haswell/gcc-9.3.0/cmake-3.21.4-kwuyqx/bin/cmake -E cmake_link_script CMakeFiles/cmTC_7597d.dir/link.txt --verbose=1
/opt/sw/rev/21.12/haswell/gcc-4.8.5/gcc-9.3.0-dsemxk/bin/gcc  -v CMakeFiles/cmTC_7597d.dir/CMakeCCompilerABI.c.o -o cmTC_7597d 
Reading specs from /opt/sw/rev/21.12/haswell/gcc-4.8.5/gcc-9.3.0-dsemxk/lib/gcc/x86_64-pc-linux-gnu/9.3.0/specs
COLLECT_GCC=/opt/sw/rev/21.12/haswell/gcc-4.8.5/gcc-9.3.0-dsemxk/bin/gcc
COLLECT_LTO_WRAPPER=/opt/sw/rev/21.12/haswell/gcc-4.8.5/gcc-9.3.0-dsemxk/libexec/gcc/x86_64-pc-linux-gnu/9.3.0/lto-wrapper
Target: x86_64-pc-linux-gnu
Configured with: /dev/shm/spack/build/parallel/spack-stage-gcc-9.3.0-dsemxkrscq37ws4ebiluluni2yfy4x4f/spack-src/configure --prefix=/opt/sw/rev/21.12/haswell/gcc-4.8.5/gcc-9.3.0-dsemxk --with-pkgversion='Spack GCC' --with-bugurl=https://github.com/spack/spack/issues --disable-multilib --enable-languages=c,c++,fortran --disable-nls --with-system-zlib --enable-bootstrap --with-mpfr-include=/opt/sw/rev/21.12/haswell/gcc-4.8.5/mpfr-3.1.6-22qap7/include --with-mpfr-lib=/opt/sw/rev/21.12/haswell/gcc-4.8.5/mpfr-3.1.6-22qap7/lib --with-gmp-include=/opt/sw/rev/21.12/haswell/gcc-4.8.5/gmp-6.2.1-4huaro/include --with-gmp-lib=/opt/sw/rev/21.12/haswell/gcc-4.8.5/gmp-6.2.1-4huaro/lib --with-mpc-include=/opt/sw/rev/21.12/haswell/gcc-4.8.5/mpc-1.1.0-pv4jgc/include --with-mpc-lib=/opt/sw/rev/21.12/haswell/gcc-4.8.5/mpc-1.1.0-pv4jgc/lib --without-isl --with-stage1-ldflags='-Wl,-rpath,/opt/sw/rev/21.12/haswell/gcc-4.8.5/gcc-9.3.0-dsemxk/lib -Wl,-rpath,/opt/sw/rev/21.12/haswell/gcc-4.8.5/gcc-9.3.0-dsemxk/lib64 -Wl,-rpath,/opt/sw/rev/21.12/haswell/gcc-4.8.5/gmp-6.2.1-4huaro/lib -Wl,-rpath,/opt/sw/rev/21.12/haswell/gcc-4.8.5/zlib-1.2.11-ixo344/lib -Wl,-rpath,/opt/sw/rev/21.12/haswell/gcc-4.8.5/mpc-1.1.0-pv4jgc/lib -Wl,-rpath,/opt/sw/rev/21.12/haswell/gcc-4.8.5/mpfr-3.1.6-22qap7/lib' --with-boot-ldflags='-Wl,-rpath,/opt/sw/rev/21.12/haswell/gcc-4.8.5/gcc-9.3.0-dsemxk/lib -Wl,-rpath,/opt/sw/rev/21.12/haswell/gcc-4.8.5/gcc-9.3.0-dsemxk/lib64 -Wl,-rpath,/opt/sw/rev/21.12/haswell/gcc-4.8.5/gmp-6.2.1-4huaro/lib -Wl,-rpath,/opt/sw/rev/21.12/haswell/gcc-4.8.5/zlib-1.2.11-ixo344/lib -Wl,-rpath,/opt/sw/rev/21.12/haswell/gcc-4.8.5/mpc-1.1.0-pv4jgc/lib -Wl,-rpath,/opt/sw/rev/21.12/haswell/gcc-4.8.5/mpfr-3.1.6-22qap7/lib -static-libstdc++ -static-libgcc'
Thread model: posix
gcc version 9.3.0 (Spack GCC) 
COMPILER_PATH=/opt/sw/rev/21.12/haswell/gcc-4.8.5/gcc-9.3.0-dsemxk/libexec/gcc/x86_64-pc-linux-gnu/9.3.0/:/opt/sw/rev/21.12/haswell/gcc-4.8.5/gcc-9.3.0-dsemxk/libexec/gcc/x86_64-pc-linux-gnu/9.3.0/:/opt/sw/rev/21.12/haswell/gcc-4.8.5/gcc-9.3.0-dsemxk/libexec/gcc/x86_64-pc-linux-gnu/:/opt/sw/rev/21.12/haswell/gcc-4.8.5/gcc-9.3.0-dsemxk/lib/gcc/x86_64-pc-linux-gnu/9.3.0/:/opt/sw/rev/21.12/haswell/gcc-4.8.5/gcc-9.3.0-dsemxk/lib/gcc/x86_64-pc-linux-gnu/
LIBRARY_PATH=/opt/sw/rev/21.12/haswell/gcc-4.8.5/gcc-9.3.0-dsemxk/lib64/../lib64/:/opt/sw/rev/21.12/haswell/gcc-4.8.5/gcc-9.3.0-dsemxk/lib/../lib64/:/opt/sw/rev/21.12/haswell/gcc-4.8.5/gcc-9.3.0-dsemxk/lib/gcc/x86_64-pc-linux-gnu/9.3.0/:/opt/sw/rev/21.12/haswell/gcc-4.8.5/gcc-9.3.0-dsemxk/lib/gcc/x86_64-pc-linux-gnu/9.3.0/../../../../lib64/:/lib/../lib64/:/usr/lib/../lib64/:/opt/sw/rev/21.12/haswell/gcc-9.3.0/scorep-7.0-5z46kv/lib/:/opt/sw/rev/21.12/cascadelake/gcc-9.3.0/openmpi-4.1.1-ibhhql/lib/:/opt/sw/rev/21.12/haswell/gcc-4.8.5/gcc-9.3.0-dsemxk/lib64/:/opt/sw/rev/21.12/haswell/gcc-4.8.5/gcc-9.3.0-dsemxk/lib/:/opt/sw/rev/21.12/haswell/gcc-4.8.5/gcc-9.3.0-dsemxk/lib/gcc/x86_64-pc-linux-gnu/9.3.0/../../../:/lib/:/usr/lib/
COLLECT_GCC_OPTIONS='-v' '-o' 'cmTC_7597d' '-mtune=generic' '-march=x86-64'
 /opt/sw/rev/21.12/haswell/gcc-4.8.5/gcc-9.3.0-dsemxk/libexec/gcc/x86_64-pc-linux-gnu/9.3.0/collect2 -plugin /opt/sw/rev/21.12/haswell/gcc-4.8.5/gcc-9.3.0-dsemxk/libexec/gcc/x86_64-pc-linux-gnu/9.3.0/liblto_plugin.so -plugin-opt=/opt/sw/rev/21.12/haswell/gcc-4.8.5/gcc-9.3.0-dsemxk/libexec/gcc/x86_64-pc-linux-gnu/9.3.0/lto-wrapper -plugin-opt=-fresolution=/tmp/ccPGlMM1.res -plugin-opt=-pass-through=-lgcc -plugin-opt=-pass-through=-lgcc_s -plugin-opt=-pass-through=-lc -plugin-opt=-pass-through=-lgcc -plugin-opt=-pass-through=-lgcc_s --eh-frame-hdr -m elf_x86_64 -dynamic-linker /lib64/ld-linux-x86-64.so.2 -o cmTC_7597d /lib/../lib64/crt1.o /lib/../lib64/crti.o /opt/sw/rev/21.12/haswell/gcc-4.8.5/gcc-9.3.0-dsemxk/lib/gcc/x86_64-pc-linux-gnu/9.3.0/crtbegin.o -rpath /opt/sw/rev/21.12/haswell/gcc-4.8.5/gcc-9.3.0-dsemxk/lib64 -L/opt/sw/rev/21.12/haswell/gcc-4.8.5/gcc-9.3.0-dsemxk/lib64/../lib64 -L/opt/sw/rev/21.12/haswell/gcc-4.8.5/gcc-9.3.0-dsemxk/lib/../lib64 -L/opt/sw/rev/21.12/haswell/gcc-4.8.5/gcc-9.3.0-dsemxk/lib/gcc/x86_64-pc-linux-gnu/9.3.0 -L/opt/sw/rev/21.12/haswell/gcc-4.8.5/gcc-9.3.0-dsemxk/lib/gcc/x86_64-pc-linux-gnu/9.3.0/../../../../lib64 -L/lib/../lib64 -L/usr/lib/../lib64 -L/opt/sw/rev/21.12/haswell/gcc-9.3.0/scorep-7.0-5z46kv/lib -L/opt/sw/rev/21.12/cascadelake/gcc-9.3.0/openmpi-4.1.1-ibhhql/lib -L/opt/sw/rev/21.12/haswell/gcc-4.8.5/gcc-9.3.0-dsemxk/lib64 -L/opt/sw/rev/21.12/haswell/gcc-4.8.5/gcc-9.3.0-dsemxk/lib -L/opt/sw/rev/21.12/haswell/gcc-4.8.5/gcc-9.3.0-dsemxk/lib/gcc/x86_64-pc-linux-gnu/9.3.0/../../.. CMakeFiles/cmTC_7597d.dir/CMakeCCompilerABI.c.o -lgcc --as-needed -lgcc_s --no-as-needed -lc -lgcc --as-needed -lgcc_s --no-as-needed /opt/sw/rev/21.12/haswell/gcc-4.8.5/gcc-9.3.0-dsemxk/lib/gcc/x86_64-pc-linux-gnu/9.3.0/crtend.o /lib/../lib64/crtn.o
COLLECT_GCC_OPTIONS='-v' '-o' 'cmTC_7597d' '-mtune=generic' '-march=x86-64'
gmake[1]: Leaving directory `/home/uni08/hpctraining56/HPC/hpc/build/CMakeFiles/CMakeTmp'



Parsed C implicit include dir info from above output: rv=done
  found start of include info
  found start of implicit include info
    add: [/opt/sw/rev/21.12/haswell/gcc-9.3.0/scorep-7.0-5z46kv/include]
    add: [/opt/sw/rev/21.12/cascadelake/gcc-9.3.0/openmpi-4.1.1-ibhhql/include]
    add: [/opt/sw/rev/21.12/haswell/gcc-4.8.5/gcc-9.3.0-dsemxk/include]
    add: [/opt/sw/rev/21.12/haswell/gcc-4.8.5/gcc-9.3.0-dsemxk/lib/gcc/x86_64-pc-linux-gnu/9.3.0/include]
    add: [/usr/local/include]
    add: [/opt/sw/rev/21.12/haswell/gcc-4.8.5/gcc-9.3.0-dsemxk/lib/gcc/x86_64-pc-linux-gnu/9.3.0/include-fixed]
    add: [/usr/include]
  end of search list found
  collapse include dir [/opt/sw/rev/21.12/haswell/gcc-9.3.0/scorep-7.0-5z46kv/include] ==> [/opt/sw/rev/21.12/haswell/gcc-9.3.0/scorep-7.0-5z46kv/include]
  collapse include dir [/opt/sw/rev/21.12/cascadelake/gcc-9.3.0/openmpi-4.1.1-ibhhql/include] ==> [/opt/sw/rev/21.12/cascadelake/gcc-9.3.0/openmpi-4.1.1-ibhhql/include]
  collapse include dir [/opt/sw/rev/21.12/haswell/gcc-4.8.5/gcc-9.3.0-dsemxk/include] ==> [/opt/sw/rev/21.12/haswell/gcc-4.8.5/gcc-9.3.0-dsemxk/include]
  collapse include dir [/opt/sw/rev/21.12/haswell/gcc-4.8.5/gcc-9.3.0-dsemxk/lib/gcc/x86_64-pc-linux-gnu/9.3.0/include] ==> [/opt/sw/rev/21.12/haswell/gcc-4.8.5/gcc-9.3.0-dsemxk/lib/gcc/x86_64-pc-linux-gnu/9.3.0/include]
  collapse include dir [/usr/local/include] ==> [/usr/local/include]
  collapse include dir [/opt/sw/rev/21.12/haswell/gcc-4.8.5/gcc-9.3.0-dsemxk/lib/gcc/x86_64-pc-linux-gnu/9.3.0/include-fixed] ==> [/opt/sw/rev/21.12/haswell/gcc-4.8.5/gcc-9.3.0-dsemxk/lib/gcc/x86_64-pc-linux-gnu/9.3.0/include-fixed]
  collapse include dir [/usr/include] ==> [/usr/include]
  implicit include dirs: [/opt/sw/rev/21.12/haswell/gcc-9.3.0/scorep-7.0-5z46kv/include;/opt/sw/rev/21.12/cascadelake/gcc-9.3.0/openmpi-4.1.1-ibhhql/include;/opt/sw/rev/21.12/haswell/gcc-4.8.5/gcc-9.3.0-dsemxk/include;/opt/sw/rev/21.12/haswell/gcc-4.8.5/gcc-9.3.0-dsemxk/lib/gcc/x86_64-pc-linux-gnu/9.3.0/include;/usr/local/include;/opt/sw/rev/21.12/haswell/gcc-4.8.5/gcc-9.3.0-dsemxk/lib/gcc/x86_64-pc-linux-gnu/9.3.0/include-fixed;/usr/include]


Parsed C implicit link information from above output:
  link line regex: [^( *|.*[/\])(ld|CMAKE_LINK_STARTFILE-NOTFOUND|([^/\]+-)?ld|collect2)[^/\]*( |$)]
  ignore line: [Change Dir: /usr/users/hpctraining56/HPC/hpc/build/CMakeFiles/CMakeTmp]
  ignore line: []
  ignore line: [Run Build Command(s):/usr/bin/gmake -f Makefile cmTC_7597d/fast && /usr/bin/gmake  -f CMakeFiles/cmTC_7597d.dir/build.make CMakeFiles/cmTC_7597d.dir/build]
  ignore line: [gmake[1]: Entering directory `/home/uni08/hpctraining56/HPC/hpc/build/CMakeFiles/CMakeTmp']
  ignore line: [Building C object CMakeFiles/cmTC_7597d.dir/CMakeCCompilerABI.c.o]
  ignore line: [/opt/sw/rev/21.12/haswell/gcc-4.8.5/gcc-9.3.0-dsemxk/bin/gcc   -v -o CMakeFiles/cmTC_7597d.dir/CMakeCCompilerABI.c.o -c /opt/sw/rev/21.12/haswell/gcc-9.3.0/cmake-3.21.4-kwuyqx/share/cmake-3.21/Modules/CMakeCCompilerABI.c]
  ignore line: [Reading specs from /opt/sw/rev/21.12/haswell/gcc-4.8.5/gcc-9.3.0-dsemxk/lib/gcc/x86_64-pc-linux-gnu/9.3.0/specs]
  ignore line: [COLLECT_GCC=/opt/sw/rev/21.12/haswell/gcc-4.8.5/gcc-9.3.0-dsemxk/bin/gcc]
  ignore line: [Target: x86_64-pc-linux-gnu]
  ignore line: [Configured with: /dev/shm/spack/build/parallel/spack-stage-gcc-9.3.0-dsemxkrscq37ws4ebiluluni2yfy4x4f/spack-src/configure --prefix=/opt/sw/rev/21.12/haswell/gcc-4.8.5/gcc-9.3.0-dsemxk --with-pkgversion='Spack GCC' --with-bugurl=https://github.com/spack/spack/issues --disable-multilib --enable-languages=c c++ fortran --disable-nls --with-system-zlib --enable-bootstrap --with-mpfr-include=/opt/sw/rev/21.12/haswell/gcc-4.8.5/mpfr-3.1.6-22qap7/include --with-mpfr-lib=/opt/sw/rev/21.12/haswell/gcc-4.8.5/mpfr-3.1.6-22qap7/lib --with-gmp-include=/opt/sw/rev/21.12/haswell/gcc-4.8.5/gmp-6.2.1-4huaro/include --with-gmp-lib=/opt/sw/rev/21.12/haswell/gcc-4.8.5/gmp-6.2.1-4huaro/lib --with-mpc-include=/opt/sw/rev/21.12/haswell/gcc-4.8.5/mpc-1.1.0-pv4jgc/include --with-mpc-lib=/opt/sw/rev/21.12/haswell/gcc-4.8.5/mpc-1.1.0-pv4jgc/lib --without-isl --with-stage1-ldflags='-Wl -rpath /opt/sw/rev/21.12/haswell/gcc-4.8.5/gcc-9.3.0-dsemxk/lib -Wl -rpath /opt/sw/rev/21.12/haswell/gcc-4.8.5/gcc-9.3.0-dsemxk/lib64 -Wl -rpath /opt/sw/rev/21.12/haswell/gcc-4.8.5/gmp-6.2.1-4huaro/lib -Wl -rpath /opt/sw/rev/21.12/haswell/gcc-4.8.5/zlib-1.2.11-ixo344/lib -Wl -rpath /opt/sw/rev/21.12/haswell/gcc-4.8.5/mpc-1.1.0-pv4jgc/lib -Wl -rpath /opt/sw/rev/21.12/haswell/gcc-4.8.5/mpfr-3.1.6-22qap7/lib' --with-boot-ldflags='-Wl -rpath /opt/sw/rev/21.12/haswell/gcc-4.8.5/gcc-9.3.0-dsemxk/lib -Wl -rpath /opt/sw/rev/21.12/haswell/gcc-4.8.5/gcc-9.3.0-dsemxk/lib64 -Wl -rpath /opt/sw/rev/21.12/haswell/gcc-4.8.5/gmp-6.2.1-4huaro/lib -Wl -rpath /opt/sw/rev/21.12/haswell/gcc-4.8.5/zlib-1.2.11-ixo344/lib -Wl -rpath /opt/sw/rev/21.12/haswell/gcc-4.8.5/mpc-1.1.0-pv4jgc/lib -Wl -rpath /opt/sw/rev/21.12/haswell/gcc-4.8.5/mpfr-3.1.6-22qap7/lib -static-libstdc++ -static-libgcc']
  ignore line: [Thread model: posix]
  ignore line: [gcc version 9.3.0 (Spack GCC) ]
  ignore line: [COLLECT_GCC_OPTIONS='-v' '-o' 'CMakeFiles/cmTC_7597d.dir/CMakeCCompilerABI.c.o' '-c' '-mtune=generic' '-march=x86-64']
  ignore line: [ /opt/sw/rev/21.12/haswell/gcc-4.8.5/gcc-9.3.0-dsemxk/libexec/gcc/x86_64-pc-linux-gnu/9.3.0/cc1 -quiet -v /opt/sw/rev/21.12/haswell/gcc-9.3.0/cmake-3.21.4-kwuyqx/share/cmake-3.21/Modules/CMakeCCompilerABI.c -quiet -dumpbase CMakeCCompilerABI.c -mtune=generic -march=x86-64 -auxbase-strip CMakeFiles/cmTC_7597d.dir/CMakeCCompilerABI.c.o -version -o /tmp/ccGqhKZX.s]
  ignore line: [GNU C17 (Spack GCC) version 9.3.0 (x86_64-pc-linux-gnu)]
  ignore line: [	compiled by GNU C version 9.3.0  GMP version 6.2.1  MPFR version 3.1.6-p2  MPC version 1.1.0  isl version none]
  ignore line: [GGC heuristics: --param ggc-min-expand=100 --param ggc-min-heapsize=131072]
  ignore line: [ignoring duplicate directory "/opt/sw/rev/21.12/haswell/gcc-4.8.5/gcc-9.3.0-dsemxk/include"]
  ignore line: [ignoring nonexistent directory "/opt/sw/rev/21.12/haswell/gcc-4.8.5/gcc-9.3.0-dsemxk/lib/gcc/x86_64-pc-linux-gnu/9.3.0/../../../../x86_64-pc-linux-gnu/include"]
  ignore line: [#include "..." search starts here:]
  ignore line: [#include <...> search starts here:]
  ignore line: [ /opt/sw/rev/21.12/haswell/gcc-9.3.0/scorep-7.0-5z46kv/include]
  ignore line: [ /opt/sw/rev/21.12/cascadelake/gcc-9.3.0/openmpi-4.1.1-ibhhql/include]
  ignore line: [ /opt/sw/rev/21.12/haswell/gcc-4.8.5/gcc-9.3.0-dsemxk/include]
  ignore line: [ /opt/sw/rev/21.12/haswell/gcc-4.8.5/gcc-9.3.0-dsemxk/lib/gcc/x86_64-pc-linux-gnu/9.3.0/include]
  ignore line: [ /usr/local/include]
  ignore line: [ /opt/sw/rev/21.12/haswell/gcc-4.8.5/gcc-9.3.0-dsemxk/lib/gcc/x86_64-pc-linux-gnu/9.3.0/include-fixed]
  ignore line: [ /usr/include]
  ignore line: [End of search list.]
  ignore line: [GNU C17 (Spack GCC) version 9.3.0 (x86_64-pc-linux-gnu)]
  ignore line: [	compiled by GNU C version 9.3.0  GMP version 6.2.1  MPFR version 3.1.6-p2  MPC version 1.1.0  isl version none]
  ignore line: [GGC heuristics: --param ggc-min-expand=100 --param ggc-min-heapsize=131072]
  ignore line: [Compiler executable checksum: 06d5ba9561e1f3859400987916fc4855]
  ignore line: [COLLECT_GCC_OPTIONS='-v' '-o' 'CMakeFiles/cmTC_7597d.dir/CMakeCCompilerABI.c.o' '-c' '-mtune=generic' '-march=x86-64']
  ignore line: [ as -v --64 -o CMakeFiles/cmTC_7597d.dir/CMakeCCompilerABI.c.o /tmp/ccGqhKZX.s]
  ignore line: [GNU assembler version 2.27 (x86_64-redhat-linux) using BFD version version 2.27-44.base.el7_9.1]
  ignore line: [COMPILER_PATH=/opt/sw/rev/21.12/haswell/gcc-4.8.5/gcc-9.3.0-dsemxk/libexec/gcc/x86_64-pc-linux-gnu/9.3.0/:/opt/sw/rev/21.12/haswell/gcc-4.8.5/gcc-9.3.0-dsemxk/libexec/gcc/x86_64-pc-linux-gnu/9.3.0/:/opt/sw/rev/21.12/haswell/gcc-4.8.5/gcc-9.3.0-dsemxk/libexec/gcc/x86_64-pc-linux-gnu/:/opt/sw/rev/21.12/haswell/gcc-4.8.5/gcc-9.3.0-dsemxk/lib/gcc/x86_64-pc-linux-gnu/9.3.0/:/opt/sw/rev/21.12/haswell/gcc-4.8.5/gcc-9.3.0-dsemxk/lib/gcc/x86_64-pc-linux-gnu/]
  ignore line: [LIBRARY_PATH=/opt/sw/rev/21.12/haswell/gcc-4.8.5/gcc-9.3.0-dsemxk/lib64/../lib64/:/opt/sw/rev/21.12/haswell/gcc-4.8.5/gcc-9.3.0-dsemxk/lib/../lib64/:/opt/sw/rev/21.12/haswell/gcc-4.8.5/gcc-9.3.0-dsemxk/lib/gcc/x86_64-pc-linux-gnu/9.3.0/:/opt/sw/rev/21.12/haswell/gcc-4.8.5/gcc-9.3.0-dsemxk/lib/gcc/x86_64-pc-linux-gnu/9.3.0/../../../../lib64/:/lib/../lib64/:/usr/lib/../lib64/:/opt/sw/rev/21.12/haswell/gcc-9.3.0/scorep-7.0-5z46kv/lib/:/opt/sw/rev/21.12/cascadelake/gcc-9.3.0/openmpi-4.1.1-ibhhql/lib/:/opt/sw/rev/21.12/haswell/gcc-4.8.5/gcc-9.3.0-dsemxk/lib64/:/opt/sw/rev/21.12/haswell/gcc-4.8.5/gcc-9.3.0-dsemxk/lib/:/opt/sw/rev/21.12/haswell/gcc-4.8.5/gcc-9.3.0-dsemxk/lib/gcc/x86_64-pc-linux-gnu/9.3.0/../../../:/lib/:/usr/lib/]
  ignore line: [COLLECT_GCC_OPTIONS='-v' '-o' 'CMakeFiles/cmTC_7597d.dir/CMakeCCompilerABI.c.o' '-c' '-mtune=generic' '-march=x86-64']
  ignore line: [Linking C executable cmTC_7597d]
  ignore line: [/opt/sw/rev/21.12/haswell/gcc-9.3.0/cmake-3.21.4-kwuyqx/bin/cmake -E cmake_link_script CMakeFiles/cmTC_7597d.dir/link.txt --verbose=1]
  ignore line: [/opt/sw/rev/21.12/haswell/gcc-4.8.5/gcc-9.3.0-dsemxk/bin/gcc  -v CMakeFiles/cmTC_7597d.dir/CMakeCCompilerABI.c.o -o cmTC_7597d ]
  ignore line: [Reading specs from /opt/sw/rev/21.12/haswell/gcc-4.8.5/gcc-9.3.0-dsemxk/lib/gcc/x86_64-pc-linux-gnu/9.3.0/specs]
  ignore line: [COLLECT_GCC=/opt/sw/rev/21.12/haswell/gcc-4.8.5/gcc-9.3.0-dsemxk/bin/gcc]
  ignore line: [COLLECT_LTO_WRAPPER=/opt/sw/rev/21.12/haswell/gcc-4.8.5/gcc-9.3.0-dsemxk/libexec/gcc/x86_64-pc-linux-gnu/9.3.0/lto-wrapper]
  ignore line: [Target: x86_64-pc-linux-gnu]
  ignore line: [Configured with: /dev/shm/spack/build/parallel/spack-stage-gcc-9.3.0-dsemxkrscq37ws4ebiluluni2yfy4x4f/spack-src/configure --prefix=/opt/sw/rev/21.12/haswell/gcc-4.8.5/gcc-9.3.0-dsemxk --with-pkgversion='Spack GCC' --with-bugurl=https://github.com/spack/spack/issues --disable-multilib --enable-languages=c c++ fortran --disable-nls --with-system-zlib --enable-bootstrap --with-mpfr-include=/opt/sw/rev/21.12/haswell/gcc-4.8.5/mpfr-3.1.6-22qap7/include --with-mpfr-lib=/opt/sw/rev/21.12/haswell/gcc-4.8.5/mpfr-3.1.6-22qap7/lib --with-gmp-include=/opt/sw/rev/21.12/haswell/gcc-4.8.5/gmp-6.2.1-4huaro/include --with-gmp-lib=/opt/sw/rev/21.12/haswell/gcc-4.8.5/gmp-6.2.1-4huaro/lib --with-mpc-include=/opt/sw/rev/21.12/haswell/gcc-4.8.5/mpc-1.1.0-pv4jgc/include --with-mpc-lib=/opt/sw/rev/21.12/haswell/gcc-4.8.5/mpc-1.1.0-pv4jgc/lib --without-isl --with-stage1-ldflags='-Wl -rpath /opt/sw/rev/21.12/haswell/gcc-4.8.5/gcc-9.3.0-dsemxk/lib -Wl -rpath /opt/sw/rev/21.12/haswell/gcc-4.8.5/gcc-9.3.0-dsemxk/lib64 -Wl -rpath /opt/sw/rev/21.12/haswell/gcc-4.8.5/gmp-6.2.1-4huaro/lib -Wl -rpath /opt/sw/rev/21.12/haswell/gcc-4.8.5/zlib-1.2.11-ixo344/lib -Wl -rpath /opt/sw/rev/21.12/haswell/gcc-4.8.5/mpc-1.1.0-pv4jgc/lib -Wl -rpath /opt/sw/rev/21.12/haswell/gcc-4.8.5/mpfr-3.1.6-22qap7/lib' --with-boot-ldflags='-Wl -rpath /opt/sw/rev/21.12/haswell/gcc-4.8.5/gcc-9.3.0-dsemxk/lib -Wl -rpath /opt/sw/rev/21.12/haswell/gcc-4.8.5/gcc-9.3.0-dsemxk/lib64 -Wl -rpath /opt/sw/rev/21.12/haswell/gcc-4.8.5/gmp-6.2.1-4huaro/lib -Wl -rpath /opt/sw/rev/21.12/haswell/gcc-4.8.5/zlib-1.2.11-ixo344/lib -Wl -rpath /opt/sw/rev/21.12/haswell/gcc-4.8.5/mpc-1.1.0-pv4jgc/lib -Wl -rpath /opt/sw/rev/21.12/haswell/gcc-4.8.5/mpfr-3.1.6-22qap7/lib -static-libstdc++ -static-libgcc']
  ignore line: [Thread model: posix]
  ignore line: [gcc version 9.3.0 (Spack GCC) ]
  ignore line: [COMPILER_PATH=/opt/sw/rev/21.12/haswell/gcc-4.8.5/gcc-9.3.0-dsemxk/libexec/gcc/x86_64-pc-linux-gnu/9.3.0/:/opt/sw/rev/21.12/haswell/gcc-4.8.5/gcc-9.3.0-dsemxk/libexec/gcc/x86_64-pc-linux-gnu/9.3.0/:/opt/sw/rev/21.12/haswell/gcc-4.8.5/gcc-9.3.0-dsemxk/libexec/gcc/x86_64-pc-linux-gnu/:/opt/sw/rev/21.12/haswell/gcc-4.8.5/gcc-9.3.0-dsemxk/lib/gcc/x86_64-pc-linux-gnu/9.3.0/:/opt/sw/rev/21.12/haswell/gcc-4.8.5/gcc-9.3.0-dsemxk/lib/gcc/x86_64-pc-linux-gnu/]
  ignore line: [LIBRARY_PATH=/opt/sw/rev/21.12/haswell/gcc-4.8.5/gcc-9.3.0-dsemxk/lib64/../lib64/:/opt/sw/rev/21.12/haswell/gcc-4.8.5/gcc-9.3.0-dsemxk/lib/../lib64/:/opt/sw/rev/21.12/haswell/gcc-4.8.5/gcc-9.3.0-dsemxk/lib/gcc/x86_64-pc-linux-gnu/9.3.0/:/opt/sw/rev/21.12/haswell/gcc-4.8.5/gcc-9.3.0-dsemxk/lib/gcc/x86_64-pc-linux-gnu/9.3.0/../../../../lib64/:/lib/../lib64/:/usr/lib/../lib64/:/opt/sw/rev/21.12/haswell/gcc-9.3.0/scorep-7.0-5z46kv/lib/:/opt/sw/rev/21.12/cascadelake/gcc-9.3.0/openmpi-4.1.1-ibhhql/lib/:/opt/sw/rev/21.12/haswell/gcc-4.8.5/gcc-9.3.0-dsemxk/lib64/:/opt/sw/rev/21.12/haswell/gcc-4.8.5/gcc-9.3.0-dsemxk/lib/:/opt/sw/rev/21.12/haswell/gcc-4.8.5/gcc-9.3.0-dsemxk/lib/gcc/x86_64-pc-linux-gnu/9.3.0/../../../:/lib/:/usr/lib/]
  ignore line: [COLLECT_GCC_OPTIONS='-v' '-o' 'cmTC_7597d' '-mtune=generic' '-march=x86-64']
  link line: [ /opt/sw/rev/21.12/haswell/gcc-4.8.5/gcc-9.3.0-dsemxk/libexec/gcc/x86_64-pc-linux-gnu/9.3.0/collect2 -plugin /opt/sw/rev/21.12/haswell/gcc-4.8.5/gcc-9.3.0-dsemxk/libexec/gcc/x86_64-pc-linux-gnu/9.3.0/liblto_plugin.so -plugin-opt=/opt/sw/rev/21.12/haswell/gcc-4.8.5/gcc-9.3.0-dsemxk/libexec/gcc/x86_64-pc-linux-gnu/9.3.0/lto-wrapper -plugin-opt=-fresolution=/tmp/ccPGlMM1.res -plugin-opt=-pass-through=-lgcc -plugin-opt=-pass-through=-lgcc_s -plugin-opt=-pass-through=-lc -plugin-opt=-pass-through=-lgcc -plugin-opt=-pass-through=-lgcc_s --eh-frame-hdr -m elf_x86_64 -dynamic-linker /lib64/ld-linux-x86-64.so.2 -o cmTC_7597d /lib/../lib64/crt1.o /lib/../lib64/crti.o /opt/sw/rev/21.12/haswell/gcc-4.8.5/gcc-9.3.0-dsemxk/lib/gcc/x86_64-pc-linux-gnu/9.3.0/crtbegin.o -rpath /opt/sw/rev/21.12/haswell/gcc-4.8.5/gcc-9.3.0-dsemxk/lib64 -L/opt/sw/rev/21.12/haswell/gcc-4.8.5/gcc-9.3.0-dsemxk/lib64/../lib64 -L/opt/sw/rev/21.12/haswell/gcc-4.8.5/gcc-9.3.0-dsemxk/lib/../lib64 -L/opt/sw/rev/21.12/haswell/gcc-4.8.5/gcc-9.3.0-dsemxk/lib/gcc/x86_64-pc-linux-gnu/9.3.0 -L/opt/sw/rev/21.12/haswell/gcc-4.8.5/gcc-9.3.0-dsemxk/lib/gcc/x86_64-pc-linux-gnu/9.3.0/../../../../lib64 -L/lib/../lib64 -L/usr/lib/../lib64 -L/opt/sw/rev/21.12/haswell/gcc-9.3.0/scorep-7.0-5z46kv/lib -L/opt/sw/rev/21.12/cascadelake/gcc-9.3.0/openmpi-4.1.1-ibhhql/lib -L/opt/sw/rev/21.12/haswell/gcc-4.8.5/gcc-9.3.0-dsemxk/lib64 -L/opt/sw/rev/21.12/haswell/gcc-4.8.5/gcc-9.3.0-dsemxk/lib -L/opt/sw/rev/21.12/haswell/gcc-4.8.5/gcc-9.3.0-dsemxk/lib/gcc/x86_64-pc-linux-gnu/9.3.0/../../.. CMakeFiles/cmTC_7597d.dir/CMakeCCompilerABI.c.o -lgcc --as-needed -lgcc_s --no-as-needed -lc -lgcc --as-needed -lgcc_s --no-as-needed /opt/sw/rev/21.12/haswell/gcc-4.8.5/gcc-9.3.0-dsemxk/lib/gcc/x86_64-pc-linux-gnu/9.3.0/crtend.o /lib/../lib64/crtn.o]
    arg [/opt/sw/rev/21.12/haswell/gcc-4.8.5/gcc-9.3.0-dsemxk/libexec/gcc/x86_64-pc-linux-gnu/9.3.0/collect2] ==> ignore
    arg [-plugin] ==> ignore
    arg [/opt/sw/rev/21.12/haswell/gcc-4.8.5/gcc-9.3.0-dsemxk/libexec/gcc/x86_64-pc-linux-gnu/9.3.0/liblto_plugin.so] ==> ignore
    arg [-plugin-opt=/opt/sw/rev/21.12/haswell/gcc-4.8.5/gcc-9.3.0-dsemxk/libexec/gcc/x86_64-pc-linux-gnu/9.3.0/lto-wrapper] ==> ignore
    arg [-plugin-opt=-fresolution=/tmp/ccPGlMM1.res] ==> ignore
    arg [-plugin-opt=-pass-through=-lgcc] ==> ignore
    arg [-plugin-opt=-pass-through=-lgcc_s] ==> ignore
    arg [-plugin-opt=-pass-through=-lc] ==> ignore
    arg [-plugin-opt=-pass-through=-lgcc] ==> ignore
    arg [-plugin-opt=-pass-through=-lgcc_s] ==> ignore
    arg [--eh-frame-hdr] ==> ignore
    arg [-m] ==> ignore
    arg [elf_x86_64] ==> ignore
    arg [-dynamic-linker] ==> ignore
    arg [/lib64/ld-linux-x86-64.so.2] ==> ignore
    arg [-o] ==> ignore
    arg [cmTC_7597d] ==> ignore
    arg [/lib/../lib64/crt1.o] ==> obj [/lib/../lib64/crt1.o]
    arg [/lib/../lib64/crti.o] ==> obj [/lib/../lib64/crti.o]
    arg [/opt/sw/rev/21.12/haswell/gcc-4.8.5/gcc-9.3.0-dsemxk/lib/gcc/x86_64-pc-linux-gnu/9.3.0/crtbegin.o] ==> obj [/opt/sw/rev/21.12/haswell/gcc-4.8.5/gcc-9.3.0-dsemxk/lib/gcc/x86_64-pc-linux-gnu/9.3.0/crtbegin.o]
    arg [-rpath] ==> ignore
    arg [/opt/sw/rev/21.12/haswell/gcc-4.8.5/gcc-9.3.0-dsemxk/lib64] ==> ignore
    arg [-L/opt/sw/rev/21.12/haswell/gcc-4.8.5/gcc-9.3.0-dsemxk/lib64/../lib64] ==> dir [/opt/sw/rev/21.12/haswell/gcc-4.8.5/gcc-9.3.0-dsemxk/lib64/../lib64]
    arg [-L/opt/sw/rev/21.12/haswell/gcc-4.8.5/gcc-9.3.0-dsemxk/lib/../lib64] ==> dir [/opt/sw/rev/21.12/haswell/gcc-4.8.5/gcc-9.3.0-dsemxk/lib/../lib64]
    arg [-L/opt/sw/rev/21.12/haswell/gcc-4.8.5/gcc-9.3.0-dsemxk/lib/gcc/x86_64-pc-linux-gnu/9.3.0] ==> dir [/opt/sw/rev/21.12/haswell/gcc-4.8.5/gcc-9.3.0-dsemxk/lib/gcc/x86_64-pc-linux-gnu/9.3.0]
    arg [-L/opt/sw/rev/21.12/haswell/gcc-4.8.5/gcc-9.3.0-dsemxk/lib/gcc/x86_64-pc-linux-gnu/9.3.0/../../../../lib64] ==> dir [/opt/sw/rev/21.12/haswell/gcc-4.8.5/gcc-9.3.0-dsemxk/lib/gcc/x86_64-pc-linux-gnu/9.3.0/../../../../lib64]
    arg [-L/lib/../lib64] ==> dir [/lib/../lib64]
    arg [-L/usr/lib/../lib64] ==> dir [/usr/lib/../lib64]
    arg [-L/opt/sw/rev/21.12/haswell/gcc-9.3.0/scorep-7.0-5z46kv/lib] ==> dir [/opt/sw/rev/21.12/haswell/gcc-9.3.0/scorep-7.0-5z46kv/lib]
    arg [-L/opt/sw/rev/21.12/cascadelake/gcc-9.3.0/openmpi-4.1.1-ibhhql/lib] ==> dir [/opt/sw/rev/21.12/cascadelake/gcc-9.3.0/openmpi-4.1.1-ibhhql/lib]
    arg [-L/opt/sw/rev/21.12/haswell/gcc-4.8.5/gcc-9.3.0-dsemxk/lib64] ==> dir [/opt/sw/rev/21.12/haswell/gcc-4.8.5/gcc-9.3.0-dsemxk/lib64]
    arg [-L/opt/sw/rev/21.12/haswell/gcc-4.8.5/gcc-9.3.0-dsemxk/lib] ==> dir [/opt/sw/rev/21.12/haswell/gcc-4.8.5/gcc-9.3.0-dsemxk/lib]
    arg [-L/opt/sw/rev/21.12/haswell/gcc-4.8.5/gcc-9.3.0-dsemxk/lib/gcc/x86_64-pc-linux-gnu/9.3.0/../../..] ==> dir [/opt/sw/rev/21.12/haswell/gcc-4.8.5/gcc-9.3.0-dsemxk/lib/gcc/x86_64-pc-linux-gnu/9.3.0/../../..]
    arg [CMakeFiles/cmTC_7597d.dir/CMakeCCompilerABI.c.o] ==> ignore
    arg [-lgcc] ==> lib [gcc]
    arg [--as-needed] ==> ignore
    arg [-lgcc_s] ==> lib [gcc_s]
    arg [--no-as-needed] ==> ignore
    arg [-lc] ==> lib [c]
    arg [-lgcc] ==> lib [gcc]
    arg [--as-needed] ==> ignore
    arg [-lgcc_s] ==> lib [gcc_s]
    arg [--no-as-needed] ==> ignore
    arg [/opt/sw/rev/21.12/haswell/gcc-4.8.5/gcc-9.3.0-dsemxk/lib/gcc/x86_64-pc-linux-gnu/9.3.0/crtend.o] ==> obj [/opt/sw/rev/21.12/haswell/gcc-4.8.5/gcc-9.3.0-dsemxk/lib/gcc/x86_64-pc-linux-gnu/9.3.0/crtend.o]
    arg [/lib/../lib64/crtn.o] ==> obj [/lib/../lib64/crtn.o]
  collapse obj [/lib/../lib64/crt1.o] ==> [/lib64/crt1.o]
  collapse obj [/lib/../lib64/crti.o] ==> [/lib64/crti.o]
  collapse obj [/lib/../lib64/crtn.o] ==> [/lib64/crtn.o]
  collapse library dir [/opt/sw/rev/21.12/haswell/gcc-4.8.5/gcc-9.3.0-dsemxk/lib64/../lib64] ==> [/opt/sw/rev/21.12/haswell/gcc-4.8.5/gcc-9.3.0-dsemxk/lib64]
  collapse library dir [/opt/sw/rev/21.12/haswell/gcc-4.8.5/gcc-9.3.0-dsemxk/lib/../lib64] ==> [/opt/sw/rev/21.12/haswell/gcc-4.8.5/gcc-9.3.0-dsemxk/lib64]
  collapse library dir [/opt/sw/rev/21.12/haswell/gcc-4.8.5/gcc-9.3.0-dsemxk/lib/gcc/x86_64-pc-linux-gnu/9.3.0] ==> [/opt/sw/rev/21.12/haswell/gcc-4.8.5/gcc-9.3.0-dsemxk/lib/gcc/x86_64-pc-linux-gnu/9.3.0]
  collapse library dir [/opt/sw/rev/21.12/haswell/gcc-4.8.5/gcc-9.3.0-dsemxk/lib/gcc/x86_64-pc-linux-gnu/9.3.0/../../../../lib64] ==> [/opt/sw/rev/21.12/haswell/gcc-4.8.5/gcc-9.3.0-dsemxk/lib64]
  collapse library dir [/lib/../lib64] ==> [/lib64]
  collapse library dir [/usr/lib/../lib64] ==> [/usr/lib64]
  collapse library dir [/opt/sw/rev/21.12/haswell/gcc-9.3.0/scorep-7.0-5z46kv/lib] ==> [/opt/sw/rev/21.12/haswell/gcc-9.3.0/scorep-7.0-5z46kv/lib]
  collapse library dir [/opt/sw/rev/21.12/cascadelake/gcc-9.3.0/openmpi-4.1.1-ibhhql/lib] ==> [/opt/sw/rev/21.12/cascadelake/gcc-9.3.0/openmpi-4.1.1-ibhhql/lib]
  collapse library dir [/opt/sw/rev/21.12/haswell/gcc-4.8.5/gcc-9.3.0-dsemxk/lib64] ==> [/opt/sw/rev/21.12/haswell/gcc-4.8.5/gcc-9.3.0-dsemxk/lib64]
  collapse library dir [/opt/sw/rev/21.12/haswell/gcc-4.8.5/gcc-9.3.0-dsemxk/lib] ==> [/opt/sw/rev/21.12/haswell/gcc-4.8.5/gcc-9.3.0-dsemxk/lib]
  collapse library dir [/opt/sw/rev/21.12/haswell/gcc-4.8.5/gcc-9.3.0-dsemxk/lib/gcc/x86_64-pc-linux-gnu/9.3.0/../../..] ==> [/opt/sw/rev/21.12/haswell/gcc-4.8.5/gcc-9.3.0-dsemxk/lib]
  implicit libs: [gcc;gcc_s;c;gcc;gcc_s]
  implicit objs: [/lib64/crt1.o;/lib64/crti.o;/opt/sw/rev/21.12/haswell/gcc-4.8.5/gcc-9.3.0-dsemxk/lib/gcc/x86_64-pc-linux-gnu/9.3.0/crtbegin.o;/opt/sw/rev/21.12/haswell/gcc-4.8.5/gcc-9.3.0-dsemxk/lib/gcc/x86_64-pc-linux-gnu/9.3.0/crtend.o;/lib64/crtn.o]
  implicit dirs: [/opt/sw/rev/21.12/haswell/gcc-4.8.5/gcc-9.3.0-dsemxk/lib64;/opt/sw/rev/21.12/haswell/gcc-4.8.5/gcc-9.3.0-dsemxk/lib/gcc/x86_64-pc-linux-gnu/9.3.0;/lib64;/usr/lib64;/opt/sw/rev/21.12/haswell/gcc-9.3.0/scorep-7.0-5z46kv/lib;/opt/sw/rev/21.12/cascadelake/gcc-9.3.0/openmpi-4.1.1-ibhhql/lib;/opt/sw/rev/21.12/haswell/gcc-4.8.5/gcc-9.3.0-dsemxk/lib]
  implicit fwks: []


Detecting C OpenMP compiler ABI info compiled with the following output:
Change Dir: /usr/users/hpctraining56/HPC/hpc/build/CMakeFiles/CMakeTmp

Run Build Command(s):/usr/bin/gmake -f Makefile cmTC_8bb79/fast && /usr/bin/gmake  -f CMakeFiles/cmTC_8bb79.dir/build.make CMakeFiles/cmTC_8bb79.dir/build
gmake[1]: Entering directory `/home/uni08/hpctraining56/HPC/hpc/build/CMakeFiles/CMakeTmp'
Building C object CMakeFiles/cmTC_8bb79.dir/OpenMPTryFlag.c.o
/opt/sw/rev/21.12/haswell/gcc-4.8.5/gcc-9.3.0-dsemxk/bin/gcc   -fopenmp -v -std=gnu11 -o CMakeFiles/cmTC_8bb79.dir/OpenMPTryFlag.c.o -c /usr/users/hpctraining56/HPC/hpc/build/CMakeFiles/FindOpenMP/OpenMPTryFlag.c
Reading specs from /opt/sw/rev/21.12/haswell/gcc-4.8.5/gcc-9.3.0-dsemxk/lib/gcc/x86_64-pc-linux-gnu/9.3.0/specs
COLLECT_GCC=/opt/sw/rev/21.12/haswell/gcc-4.8.5/gcc-9.3.0-dsemxk/bin/gcc
Target: x86_64-pc-linux-gnu
Configured with: /dev/shm/spack/build/parallel/spack-stage-gcc-9.3.0-dsemxkrscq37ws4ebiluluni2yfy4x4f/spack-src/configure --prefix=/opt/sw/rev/21.12/haswell/gcc-4.8.5/gcc-9.3.0-dsemxk --with-pkgversion='Spack GCC' --with-bugurl=https://github.com/spack/spack/issues --disable-multilib --enable-languages=c,c++,fortran --disable-nls --with-system-zlib --enable-bootstrap --with-mpfr-include=/opt/sw/rev/21.12/haswell/gcc-4.8.5/mpfr-3.1.6-22qap7/include --with-mpfr-lib=/opt/sw/rev/21.12/haswell/gcc-4.8.5/mpfr-3.1.6-22qap7/lib --with-gmp-include=/opt/sw/rev/21.12/haswell/gcc-4.8.5/gmp-6.2.1-4huaro/include --with-gmp-lib=/opt/sw/rev/21.12/haswell/gcc-4.8.5/gmp-6.2.1-4huaro/lib --with-mpc-include=/opt/sw/rev/21.12/haswell/gcc-4.8.5/mpc-1.1.0-pv4jgc/include --with-mpc-lib=/opt/sw/rev/21.12/haswell/gcc-4.8.5/mpc-1.1.0-pv4jgc/lib --without-isl --with-stage1-ldflags='-Wl,-rpath,/opt/sw/rev/21.12/haswell/gcc-4.8.5/gcc-9.3.0-dsemxk/lib -Wl,-rpath,/opt/sw/rev/21.12/haswell/gcc-4.8.5/gcc-9.3.0-dsemxk/lib64 -Wl,-rpath,/opt/sw/rev/21.12/haswell/gcc-4.8.5/gmp-6.2.1-4huaro/lib -Wl,-rpath,/opt/sw/rev/21.12/haswell/gcc-4.8.5/zlib-1.2.11-ixo344/lib -Wl,-rpath,/opt/sw/rev/21.12/haswell/gcc-4.8.5/mpc-1.1.0-pv4jgc/lib -Wl,-rpath,/opt/sw/rev/21.12/haswell/gcc-4.8.5/mpfr-3.1.6-22qap7/lib' --with-boot-ldflags='-Wl,-rpath,/opt/sw/rev/21.12/haswell/gcc-4.8.5/gcc-9.3.0-dsemxk/lib -Wl,-rpath,/opt/sw/rev/21.12/haswell/gcc-4.8.5/gcc-9.3.0-dsemxk/lib64 -Wl,-rpath,/opt/sw/rev/21.12/haswell/gcc-4.8.5/gmp-6.2.1-4huaro/lib -Wl,-rpath,/opt/sw/rev/21.12/haswell/gcc-4.8.5/zlib-1.2.11-ixo344/lib -Wl,-rpath,/opt/sw/rev/21.12/haswell/gcc-4.8.5/mpc-1.1.0-pv4jgc/lib -Wl,-rpath,/opt/sw/rev/21.12/haswell/gcc-4.8.5/mpfr-3.1.6-22qap7/lib -static-libstdc++ -static-libgcc'
Thread model: posix
gcc version 9.3.0 (Spack GCC) 
COLLECT_GCC_OPTIONS='-fopenmp' '-v' '-std=gnu11' '-o' 'CMakeFiles/cmTC_8bb79.dir/OpenMPTryFlag.c.o' '-c' '-mtune=generic' '-march=x86-64' '-pthread'
 /opt/sw/rev/21.12/haswell/gcc-4.8.5/gcc-9.3.0-dsemxk/libexec/gcc/x86_64-pc-linux-gnu/9.3.0/cc1 -quiet -v -D_REENTRANT /usr/users/hpctraining56/HPC/hpc/build/CMakeFiles/FindOpenMP/OpenMPTryFlag.c -quiet -dumpbase OpenMPTryFlag.c -mtune=generic -march=x86-64 -auxbase-strip CMakeFiles/cmTC_8bb79.dir/OpenMPTryFlag.c.o -std=gnu11 -version -fopenmp -o /tmp/ccHRf4be.s
GNU C11 (Spack GCC) version 9.3.0 (x86_64-pc-linux-gnu)
	compiled by GNU C version 9.3.0, GMP version 6.2.1, MPFR version 3.1.6-p2, MPC version 1.1.0, isl version none
GGC heuristics: --param ggc-min-expand=100 --param ggc-min-heapsize=131072
ignoring duplicate directory "/opt/sw/rev/21.12/haswell/gcc-4.8.5/gcc-9.3.0-dsemxk/include"
ignoring nonexistent directory "/opt/sw/rev/21.12/haswell/gcc-4.8.5/gcc-9.3.0-dsemxk/lib/gcc/x86_64-pc-linux-gnu/9.3.0/../../../../x86_64-pc-linux-gnu/include"
#include "..." search starts here:
#include <...> search starts here:
 /opt/sw/rev/21.12/haswell/gcc-9.3.0/scorep-7.0-5z46kv/include
 /opt/sw/rev/21.12/cascadelake/gcc-9.3.0/openmpi-4.1.1-ibhhql/include
 /opt/sw/rev/21.12/haswell/gcc-4.8.5/gcc-9.3.0-dsemxk/include
 /opt/sw/rev/21.12/haswell/gcc-4.8.5/gcc-9.3.0-dsemxk/lib/gcc/x86_64-pc-linux-gnu/9.3.0/include
 /usr/local/include
 /opt/sw/rev/21.12/haswell/gcc-4.8.5/gcc-9.3.0-dsemxk/lib/gcc/x86_64-pc-linux-gnu/9.3.0/include-fixed
 /usr/include
End of search list.
GNU C11 (Spack GCC) version 9.3.0 (x86_64-pc-linux-gnu)
	compiled by GNU C version 9.3.0, GMP version 6.2.1, MPFR version 3.1.6-p2, MPC version 1.1.0, isl version none
GGC heuristics: --param ggc-min-expand=100 --param ggc-min-heapsize=131072
Compiler executable checksum: 06d5ba9561e1f3859400987916fc4855
COLLECT_GCC_OPTIONS='-fopenmp' '-v' '-std=gnu11' '-o' 'CMakeFiles/cmTC_8bb79.dir/OpenMPTryFlag.c.o' '-c' '-mtune=generic' '-march=x86-64' '-pthread'
 as -v --64 -o CMakeFiles/cmTC_8bb79.dir/OpenMPTryFlag.c.o /tmp/ccHRf4be.s
GNU assembler version 2.27 (x86_64-redhat-linux) using BFD version version 2.27-44.base.el7_9.1
COMPILER_PATH=/opt/sw/rev/21.12/haswell/gcc-4.8.5/gcc-9.3.0-dsemxk/libexec/gcc/x86_64-pc-linux-gnu/9.3.0/:/opt/sw/rev/21.12/haswell/gcc-4.8.5/gcc-9.3.0-dsemxk/libexec/gcc/x86_64-pc-linux-gnu/9.3.0/:/opt/sw/rev/21.12/haswell/gcc-4.8.5/gcc-9.3.0-dsemxk/libexec/gcc/x86_64-pc-linux-gnu/:/opt/sw/rev/21.12/haswell/gcc-4.8.5/gcc-9.3.0-dsemxk/lib/gcc/x86_64-pc-linux-gnu/9.3.0/:/opt/sw/rev/21.12/haswell/gcc-4.8.5/gcc-9.3.0-dsemxk/lib/gcc/x86_64-pc-linux-gnu/
LIBRARY_PATH=/opt/sw/rev/21.12/haswell/gcc-4.8.5/gcc-9.3.0-dsemxk/lib64/../lib64/:/opt/sw/rev/21.12/haswell/gcc-4.8.5/gcc-9.3.0-dsemxk/lib/../lib64/:/opt/sw/rev/21.12/haswell/gcc-4.8.5/gcc-9.3.0-dsemxk/lib/gcc/x86_64-pc-linux-gnu/9.3.0/:/opt/sw/rev/21.12/haswell/gcc-4.8.5/gcc-9.3.0-dsemxk/lib/gcc/x86_64-pc-linux-gnu/9.3.0/../../../../lib64/:/lib/../lib64/:/usr/lib/../lib64/:/opt/sw/rev/21.12/haswell/gcc-9.3.0/scorep-7.0-5z46kv/lib/:/opt/sw/rev/21.12/cascadelake/gcc-9.3.0/openmpi-4.1.1-ibhhql/lib/:/opt/sw/rev/21.12/haswell/gcc-4.8.5/gcc-9.3.0-dsemxk/lib64/:/opt/sw/rev/21.12/haswell/gcc-4.8.5/gcc-9.3.0-dsemxk/lib/:/opt/sw/rev/21.12/haswell/gcc-4.8.5/gcc-9.3.0-dsemxk/lib/gcc/x86_64-pc-linux-gnu/9.3.0/../../../:/lib/:/usr/lib/
COLLECT_GCC_OPTIONS='-fopenmp' '-v' '-std=gnu11' '-o' 'CMakeFiles/cmTC_8bb79.dir/OpenMPTryFlag.c.o' '-c' '-mtune=generic' '-march=x86-64' '-pthread'
Linking C executable cmTC_8bb79
/opt/sw/rev/21.12/haswell/gcc-9.3.0/cmake-3.21.4-kwuyqx/bin/cmake -E cmake_link_script CMakeFiles/cmTC_8bb79.dir/link.txt --verbose=1
/opt/sw/rev/21.12/haswell/gcc-4.8.5/gcc-9.3.0-dsemxk/bin/gcc  -fopenmp -v CMakeFiles/cmTC_8bb79.dir/OpenMPTryFlag.c.o -o cmTC_8bb79  -v 
Reading specs from /opt/sw/rev/21.12/haswell/gcc-4.8.5/gcc-9.3.0-dsemxk/lib/gcc/x86_64-pc-linux-gnu/9.3.0/specs
COLLECT_GCC=/opt/sw/rev/21.12/haswell/gcc-4.8.5/gcc-9.3.0-dsemxk/bin/gcc
COLLECT_LTO_WRAPPER=/opt/sw/rev/21.12/haswell/gcc-4.8.5/gcc-9.3.0-dsemxk/libexec/gcc/x86_64-pc-linux-gnu/9.3.0/lto-wrapper
Target: x86_64-pc-linux-gnu
Configured with: /dev/shm/spack/build/parallel/spack-stage-gcc-9.3.0-dsemxkrscq37ws4ebiluluni2yfy4x4f/spack-src/configure --prefix=/opt/sw/rev/21.12/haswell/gcc-4.8.5/gcc-9.3.0-dsemxk --with-pkgversion='Spack GCC' --with-bugurl=https://github.com/spack/spack/issues --disable-multilib --enable-languages=c,c++,fortran --disable-nls --with-system-zlib --enable-bootstrap --with-mpfr-include=/opt/sw/rev/21.12/haswell/gcc-4.8.5/mpfr-3.1.6-22qap7/include --with-mpfr-lib=/opt/sw/rev/21.12/haswell/gcc-4.8.5/mpfr-3.1.6-22qap7/lib --with-gmp-include=/opt/sw/rev/21.12/haswell/gcc-4.8.5/gmp-6.2.1-4huaro/include --with-gmp-lib=/opt/sw/rev/21.12/haswell/gcc-4.8.5/gmp-6.2.1-4huaro/lib --with-mpc-include=/opt/sw/rev/21.12/haswell/gcc-4.8.5/mpc-1.1.0-pv4jgc/include --with-mpc-lib=/opt/sw/rev/21.12/haswell/gcc-4.8.5/mpc-1.1.0-pv4jgc/lib --without-isl --with-stage1-ldflags='-Wl,-rpath,/opt/sw/rev/21.12/haswell/gcc-4.8.5/gcc-9.3.0-dsemxk/lib -Wl,-rpath,/opt/sw/rev/21.12/haswell/gcc-4.8.5/gcc-9.3.0-dsemxk/lib64 -Wl,-rpath,/opt/sw/rev/21.12/haswell/gcc-4.8.5/gmp-6.2.1-4huaro/lib -Wl,-rpath,/opt/sw/rev/21.12/haswell/gcc-4.8.5/zlib-1.2.11-ixo344/lib -Wl,-rpath,/opt/sw/rev/21.12/haswell/gcc-4.8.5/mpc-1.1.0-pv4jgc/lib -Wl,-rpath,/opt/sw/rev/21.12/haswell/gcc-4.8.5/mpfr-3.1.6-22qap7/lib' --with-boot-ldflags='-Wl,-rpath,/opt/sw/rev/21.12/haswell/gcc-4.8.5/gcc-9.3.0-dsemxk/lib -Wl,-rpath,/opt/sw/rev/21.12/haswell/gcc-4.8.5/gcc-9.3.0-dsemxk/lib64 -Wl,-rpath,/opt/sw/rev/21.12/haswell/gcc-4.8.5/gmp-6.2.1-4huaro/lib -Wl,-rpath,/opt/sw/rev/21.12/haswell/gcc-4.8.5/zlib-1.2.11-ixo344/lib -Wl,-rpath,/opt/sw/rev/21.12/haswell/gcc-4.8.5/mpc-1.1.0-pv4jgc/lib -Wl,-rpath,/opt/sw/rev/21.12/haswell/gcc-4.8.5/mpfr-3.1.6-22qap7/lib -static-libstdc++ -static-libgcc'
Thread model: posix
gcc version 9.3.0 (Spack GCC) 
COMPILER_PATH=/opt/sw/rev/21.12/haswell/gcc-4.8.5/gcc-9.3.0-dsemxk/libexec/gcc/x86_64-pc-linux-gnu/9.3.0/:/opt/sw/rev/21.12/haswell/gcc-4.8.5/gcc-9.3.0-dsemxk/libexec/gcc/x86_64-pc-linux-gnu/9.3.0/:/opt/sw/rev/21.12/haswell/gcc-4.8.5/gcc-9.3.0-dsemxk/libexec/gcc/x86_64-pc-linux-gnu/:/opt/sw/rev/21.12/haswell/gcc-4.8.5/gcc-9.3.0-dsemxk/lib/gcc/x86_64-pc-linux-gnu/9.3.0/:/opt/sw/rev/21.12/haswell/gcc-4.8.5/gcc-9.3.0-dsemxk/lib/gcc/x86_64-pc-linux-gnu/
LIBRARY_PATH=/opt/sw/rev/21.12/haswell/gcc-4.8.5/gcc-9.3.0-dsemxk/lib64/../lib64/:/opt/sw/rev/21.12/haswell/gcc-4.8.5/gcc-9.3.0-dsemxk/lib/../lib64/:/opt/sw/rev/21.12/haswell/gcc-4.8.5/gcc-9.3.0-dsemxk/lib/gcc/x86_64-pc-linux-gnu/9.3.0/:/opt/sw/rev/21.12/haswell/gcc-4.8.5/gcc-9.3.0-dsemxk/lib/gcc/x86_64-pc-linux-gnu/9.3.0/../../../../lib64/:/lib/../lib64/:/usr/lib/../lib64/:/opt/sw/rev/21.12/haswell/gcc-9.3.0/scorep-7.0-5z46kv/lib/:/opt/sw/rev/21.12/cascadelake/gcc-9.3.0/openmpi-4.1.1-ibhhql/lib/:/opt/sw/rev/21.12/haswell/gcc-4.8.5/gcc-9.3.0-dsemxk/lib64/:/opt/sw/rev/21.12/haswell/gcc-4.8.5/gcc-9.3.0-dsemxk/lib/:/opt/sw/rev/21.12/haswell/gcc-4.8.5/gcc-9.3.0-dsemxk/lib/gcc/x86_64-pc-linux-gnu/9.3.0/../../../:/lib/:/usr/lib/
Reading specs from /opt/sw/rev/21.12/haswell/gcc-4.8.5/gcc-9.3.0-dsemxk/lib64/../lib64/libgomp.spec
COLLECT_GCC_OPTIONS='-fopenmp' '-v' '-o' 'cmTC_8bb79' '-v' '-mtune=generic' '-march=x86-64' '-pthread'
 /opt/sw/rev/21.12/haswell/gcc-4.8.5/gcc-9.3.0-dsemxk/libexec/gcc/x86_64-pc-linux-gnu/9.3.0/collect2 -plugin /opt/sw/rev/21.12/haswell/gcc-4.8.5/gcc-9.3.0-dsemxk/libexec/gcc/x86_64-pc-linux-gnu/9.3.0/liblto_plugin.so -plugin-opt=/opt/sw/rev/21.12/haswell/gcc-4.8.5/gcc-9.3.0-dsemxk/libexec/gcc/x86_64-pc-linux-gnu/9.3.0/lto-wrapper -plugin-opt=-fresolution=/tmp/ccELA0Mm.res -plugin-opt=-pass-through=-lgcc -plugin-opt=-pass-through=-lgcc_s -plugin-opt=-pass-through=-lpthread -plugin-opt=-pass-through=-lc -plugin-opt=-pass-through=-lgcc -plugin-opt=-pass-through=-lgcc_s --eh-frame-hdr -m elf_x86_64 -dynamic-linker /lib64/ld-linux-x86-64.so.2 -o cmTC_8bb79 /lib/../lib64/crt1.o /lib/../lib64/crti.o /opt/sw/rev/21.12/haswell/gcc-4.8.5/gcc-9.3.0-dsemxk/lib/gcc/x86_64-pc-linux-gnu/9.3.0/crtbegin.o -rpath /opt/sw/rev/21.12/haswell/gcc-4.8.5/gcc-9.3.0-dsemxk/lib64 -L/opt/sw/rev/21.12/haswell/gcc-4.8.5/gcc-9.3.0-dsemxk/lib64/../lib64 -L/opt/sw/rev/21.12/haswell/gcc-4.8.5/gcc-9.3.0-dsemxk/lib/../lib64 -L/opt/sw/rev/21.12/haswell/gcc-4.8.5/gcc-9.3.0-dsemxk/lib/gcc/x86_64-pc-linux-gnu/9.3.0 -L/opt/sw/rev/21.12/haswell/gcc-4.8.5/gcc-9.3.0-dsemxk/lib/gcc/x86_64-pc-linux-gnu/9.3.0/../../../../lib64 -L/lib/../lib64 -L/usr/lib/../lib64 -L/opt/sw/rev/21.12/haswell/gcc-9.3.0/scorep-7.0-5z46kv/lib -L/opt/sw/rev/21.12/cascadelake/gcc-9.3.0/openmpi-4.1.1-ibhhql/lib -L/opt/sw/rev/21.12/haswell/gcc-4.8.5/gcc-9.3.0-dsemxk/lib64 -L/opt/sw/rev/21.12/haswell/gcc-4.8.5/gcc-9.3.0-dsemxk/lib -L/opt/sw/rev/21.12/haswell/gcc-4.8.5/gcc-9.3.0-dsemxk/lib/gcc/x86_64-pc-linux-gnu/9.3.0/../../.. CMakeFiles/cmTC_8bb79.dir/OpenMPTryFlag.c.o -lgomp -lgcc --as-needed -lgcc_s --no-as-needed -lpthread -lc -lgcc --as-needed -lgcc_s --no-as-needed /opt/sw/rev/21.12/haswell/gcc-4.8.5/gcc-9.3.0-dsemxk/lib/gcc/x86_64-pc-linux-gnu/9.3.0/crtend.o /lib/../lib64/crtn.o
COLLECT_GCC_OPTIONS='-fopenmp' '-v' '-o' 'cmTC_8bb79' '-v' '-mtune=generic' '-march=x86-64' '-pthread'
gmake[1]: Leaving directory `/home/uni08/hpctraining56/HPC/hpc/build/CMakeFiles/CMakeTmp'



Parsed C OpenMP implicit link information from above output:
  link line regex: [^( *|.*[/\])(ld|CMAKE_LINK_STARTFILE-NOTFOUND|([^/\]+-)?ld|collect2)[^/\]*( |$)]
  ignore line: [Change Dir: /usr/users/hpctraining56/HPC/hpc/build/CMakeFiles/CMakeTmp]
  ignore line: []
  ignore line: [Run Build Command(s):/usr/bin/gmake -f Makefile cmTC_8bb79/fast && /usr/bin/gmake  -f CMakeFiles/cmTC_8bb79.dir/build.make CMakeFiles/cmTC_8bb79.dir/build]
  ignore line: [gmake[1]: Entering directory `/home/uni08/hpctraining56/HPC/hpc/build/CMakeFiles/CMakeTmp']
  ignore line: [Building C object CMakeFiles/cmTC_8bb79.dir/OpenMPTryFlag.c.o]
  ignore line: [/opt/sw/rev/21.12/haswell/gcc-4.8.5/gcc-9.3.0-dsemxk/bin/gcc   -fopenmp -v -std=gnu11 -o CMakeFiles/cmTC_8bb79.dir/OpenMPTryFlag.c.o -c /usr/users/hpctraining56/HPC/hpc/build/CMakeFiles/FindOpenMP/OpenMPTryFlag.c]
  ignore line: [Reading specs from /opt/sw/rev/21.12/haswell/gcc-4.8.5/gcc-9.3.0-dsemxk/lib/gcc/x86_64-pc-linux-gnu/9.3.0/specs]
  ignore line: [COLLECT_GCC=/opt/sw/rev/21.12/haswell/gcc-4.8.5/gcc-9.3.0-dsemxk/bin/gcc]
  ignore line: [Target: x86_64-pc-linux-gnu]
  ignore line: [Configured with: /dev/shm/spack/build/parallel/spack-stage-gcc-9.3.0-dsemxkrscq37ws4ebiluluni2yfy4x4f/spack-src/configure --prefix=/opt/sw/rev/21.12/haswell/gcc-4.8.5/gcc-9.3.0-dsemxk --with-pkgversion='Spack GCC' --with-bugurl=https://github.com/spack/spack/issues --disable-multilib --enable-languages=c c++ fortran --disable-nls --with-system-zlib --enable-bootstrap --with-mpfr-include=/opt/sw/rev/21.12/haswell/gcc-4.8.5/mpfr-3.1.6-22qap7/include --with-mpfr-lib=/opt/sw/rev/21.12/haswell/gcc-4.8.5/mpfr-3.1.6-22qap7/lib --with-gmp-include=/opt/sw/rev/21.12/haswell/gcc-4.8.5/gmp-6.2.1-4huaro/include --with-gmp-lib=/opt/sw/rev/21.12/haswell/gcc-4.8.5/gmp-6.2.1-4huaro/lib --with-mpc-include=/opt/sw/rev/21.12/haswell/gcc-4.8.5/mpc-1.1.0-pv4jgc/include --with-mpc-lib=/opt/sw/rev/21.12/haswell/gcc-4.8.5/mpc-1.1.0-pv4jgc/lib --without-isl --with-stage1-ldflags='-Wl -rpath /opt/sw/rev/21.12/haswell/gcc-4.8.5/gcc-9.3.0-dsemxk/lib -Wl -rpath /opt/sw/rev/21.12/haswell/gcc-4.8.5/gcc-9.3.0-dsemxk/lib64 -Wl -rpath /opt/sw/rev/21.12/haswell/gcc-4.8.5/gmp-6.2.1-4huaro/lib -Wl -rpath /opt/sw/rev/21.12/haswell/gcc-4.8.5/zlib-1.2.11-ixo344/lib -Wl -rpath /opt/sw/rev/21.12/haswell/gcc-4.8.5/mpc-1.1.0-pv4jgc/lib -Wl -rpath /opt/sw/rev/21.12/haswell/gcc-4.8.5/mpfr-3.1.6-22qap7/lib' --with-boot-ldflags='-Wl -rpath /opt/sw/rev/21.12/haswell/gcc-4.8.5/gcc-9.3.0-dsemxk/lib -Wl -rpath /opt/sw/rev/21.12/haswell/gcc-4.8.5/gcc-9.3.0-dsemxk/lib64 -Wl -rpath /opt/sw/rev/21.12/haswell/gcc-4.8.5/gmp-6.2.1-4huaro/lib -Wl -rpath /opt/sw/rev/21.12/haswell/gcc-4.8.5/zlib-1.2.11-ixo344/lib -Wl -rpath /opt/sw/rev/21.12/haswell/gcc-4.8.5/mpc-1.1.0-pv4jgc/lib -Wl -rpath /opt/sw/rev/21.12/haswell/gcc-4.8.5/mpfr-3.1.6-22qap7/lib -static-libstdc++ -static-libgcc']
  ignore line: [Thread model: posix]
  ignore line: [gcc version 9.3.0 (Spack GCC) ]
  ignore line: [COLLECT_GCC_OPTIONS='-fopenmp' '-v' '-std=gnu11' '-o' 'CMakeFiles/cmTC_8bb79.dir/OpenMPTryFlag.c.o' '-c' '-mtune=generic' '-march=x86-64' '-pthread']
  ignore line: [ /opt/sw/rev/21.12/haswell/gcc-4.8.5/gcc-9.3.0-dsemxk/libexec/gcc/x86_64-pc-linux-gnu/9.3.0/cc1 -quiet -v -D_REENTRANT /usr/users/hpctraining56/HPC/hpc/build/CMakeFiles/FindOpenMP/OpenMPTryFlag.c -quiet -dumpbase OpenMPTryFlag.c -mtune=generic -march=x86-64 -auxbase-strip CMakeFiles/cmTC_8bb79.dir/OpenMPTryFlag.c.o -std=gnu11 -version -fopenmp -o /tmp/ccHRf4be.s]
  ignore line: [GNU C11 (Spack GCC) version 9.3.0 (x86_64-pc-linux-gnu)]
  ignore line: [	compiled by GNU C version 9.3.0  GMP version 6.2.1  MPFR version 3.1.6-p2  MPC version 1.1.0  isl version none]
  ignore line: [GGC heuristics: --param ggc-min-expand=100 --param ggc-min-heapsize=131072]
  ignore line: [ignoring duplicate directory "/opt/sw/rev/21.12/haswell/gcc-4.8.5/gcc-9.3.0-dsemxk/include"]
  ignore line: [ignoring nonexistent directory "/opt/sw/rev/21.12/haswell/gcc-4.8.5/gcc-9.3.0-dsemxk/lib/gcc/x86_64-pc-linux-gnu/9.3.0/../../../../x86_64-pc-linux-gnu/include"]
  ignore line: [#include "..." search starts here:]
  ignore line: [#include <...> search starts here:]
  ignore line: [ /opt/sw/rev/21.12/haswell/gcc-9.3.0/scorep-7.0-5z46kv/include]
  ignore line: [ /opt/sw/rev/21.12/cascadelake/gcc-9.3.0/openmpi-4.1.1-ibhhql/include]
  ignore line: [ /opt/sw/rev/21.12/haswell/gcc-4.8.5/gcc-9.3.0-dsemxk/include]
  ignore line: [ /opt/sw/rev/21.12/haswell/gcc-4.8.5/gcc-9.3.0-dsemxk/lib/gcc/x86_64-pc-linux-gnu/9.3.0/include]
  ignore line: [ /usr/local/include]
  ignore line: [ /opt/sw/rev/21.12/haswell/gcc-4.8.5/gcc-9.3.0-dsemxk/lib/gcc/x86_64-pc-linux-gnu/9.3.0/include-fixed]
  ignore line: [ /usr/include]
  ignore line: [End of search list.]
  ignore line: [GNU C11 (Spack GCC) version 9.3.0 (x86_64-pc-linux-gnu)]
  ignore line: [	compiled by GNU C version 9.3.0  GMP version 6.2.1  MPFR version 3.1.6-p2  MPC version 1.1.0  isl version none]
  ignore line: [GGC heuristics: --param ggc-min-expand=100 --param ggc-min-heapsize=131072]
  ignore line: [Compiler executable checksum: 06d5ba9561e1f3859400987916fc4855]
  ignore line: [COLLECT_GCC_OPTIONS='-fopenmp' '-v' '-std=gnu11' '-o' 'CMakeFiles/cmTC_8bb79.dir/OpenMPTryFlag.c.o' '-c' '-mtune=generic' '-march=x86-64' '-pthread']
  ignore line: [ as -v --64 -o CMakeFiles/cmTC_8bb79.dir/OpenMPTryFlag.c.o /tmp/ccHRf4be.s]
  ignore line: [GNU assembler version 2.27 (x86_64-redhat-linux) using BFD version version 2.27-44.base.el7_9.1]
  ignore line: [COMPILER_PATH=/opt/sw/rev/21.12/haswell/gcc-4.8.5/gcc-9.3.0-dsemxk/libexec/gcc/x86_64-pc-linux-gnu/9.3.0/:/opt/sw/rev/21.12/haswell/gcc-4.8.5/gcc-9.3.0-dsemxk/libexec/gcc/x86_64-pc-linux-gnu/9.3.0/:/opt/sw/rev/21.12/haswell/gcc-4.8.5/gcc-9.3.0-dsemxk/libexec/gcc/x86_64-pc-linux-gnu/:/opt/sw/rev/21.12/haswell/gcc-4.8.5/gcc-9.3.0-dsemxk/lib/gcc/x86_64-pc-linux-gnu/9.3.0/:/opt/sw/rev/21.12/haswell/gcc-4.8.5/gcc-9.3.0-dsemxk/lib/gcc/x86_64-pc-linux-gnu/]
  ignore line: [LIBRARY_PATH=/opt/sw/rev/21.12/haswell/gcc-4.8.5/gcc-9.3.0-dsemxk/lib64/../lib64/:/opt/sw/rev/21.12/haswell/gcc-4.8.5/gcc-9.3.0-dsemxk/lib/../lib64/:/opt/sw/rev/21.12/haswell/gcc-4.8.5/gcc-9.3.0-dsemxk/lib/gcc/x86_64-pc-linux-gnu/9.3.0/:/opt/sw/rev/21.12/haswell/gcc-4.8.5/gcc-9.3.0-dsemxk/lib/gcc/x86_64-pc-linux-gnu/9.3.0/../../../../lib64/:/lib/../lib64/:/usr/lib/../lib64/:/opt/sw/rev/21.12/haswell/gcc-9.3.0/scorep-7.0-5z46kv/lib/:/opt/sw/rev/21.12/cascadelake/gcc-9.3.0/openmpi-4.1.1-ibhhql/lib/:/opt/sw/rev/21.12/haswell/gcc-4.8.5/gcc-9.3.0-dsemxk/lib64/:/opt/sw/rev/21.12/haswell/gcc-4.8.5/gcc-9.3.0-dsemxk/lib/:/opt/sw/rev/21.12/haswell/gcc-4.8.5/gcc-9.3.0-dsemxk/lib/gcc/x86_64-pc-linux-gnu/9.3.0/../../../:/lib/:/usr/lib/]
  ignore line: [COLLECT_GCC_OPTIONS='-fopenmp' '-v' '-std=gnu11' '-o' 'CMakeFiles/cmTC_8bb79.dir/OpenMPTryFlag.c.o' '-c' '-mtune=generic' '-march=x86-64' '-pthread']
  ignore line: [Linking C executable cmTC_8bb79]
  ignore line: [/opt/sw/rev/21.12/haswell/gcc-9.3.0/cmake-3.21.4-kwuyqx/bin/cmake -E cmake_link_script CMakeFiles/cmTC_8bb79.dir/link.txt --verbose=1]
  ignore line: [/opt/sw/rev/21.12/haswell/gcc-4.8.5/gcc-9.3.0-dsemxk/bin/gcc  -fopenmp -v CMakeFiles/cmTC_8bb79.dir/OpenMPTryFlag.c.o -o cmTC_8bb79  -v ]
  ignore line: [Reading specs from /opt/sw/rev/21.12/haswell/gcc-4.8.5/gcc-9.3.0-dsemxk/lib/gcc/x86_64-pc-linux-gnu/9.3.0/specs]
  ignore line: [COLLECT_GCC=/opt/sw/rev/21.12/haswell/gcc-4.8.5/gcc-9.3.0-dsemxk/bin/gcc]
  ignore line: [COLLECT_LTO_WRAPPER=/opt/sw/rev/21.12/haswell/gcc-4.8.5/gcc-9.3.0-dsemxk/libexec/gcc/x86_64-pc-linux-gnu/9.3.0/lto-wrapper]
  ignore line: [Target: x86_64-pc-linux-gnu]
  ignore line: [Configured with: /dev/shm/spack/build/parallel/spack-stage-gcc-9.3.0-dsemxkrscq37ws4ebiluluni2yfy4x4f/spack-src/configure --prefix=/opt/sw/rev/21.12/haswell/gcc-4.8.5/gcc-9.3.0-dsemxk --with-pkgversion='Spack GCC' --with-bugurl=https://github.com/spack/spack/issues --disable-multilib --enable-languages=c c++ fortran --disable-nls --with-system-zlib --enable-bootstrap --with-mpfr-include=/opt/sw/rev/21.12/haswell/gcc-4.8.5/mpfr-3.1.6-22qap7/include --with-mpfr-lib=/opt/sw/rev/21.12/haswell/gcc-4.8.5/mpfr-3.1.6-22qap7/lib --with-gmp-include=/opt/sw/rev/21.12/haswell/gcc-4.8.5/gmp-6.2.1-4huaro/include --with-gmp-lib=/opt/sw/rev/21.12/haswell/gcc-4.8.5/gmp-6.2.1-4huaro/lib --with-mpc-include=/opt/sw/rev/21.12/haswell/gcc-4.8.5/mpc-1.1.0-pv4jgc/include --with-mpc-lib=/opt/sw/rev/21.12/haswell/gcc-4.8.5/mpc-1.1.0-pv4jgc/lib --without-isl --with-stage1-ldflags='-Wl -rpath /opt/sw/rev/21.12/haswell/gcc-4.8.5/gcc-9.3.0-dsemxk/lib -Wl -rpath /opt/sw/rev/21.12/haswell/gcc-4.8.5/gcc-9.3.0-dsemxk/lib64 -Wl -rpath /opt/sw/rev/21.12/haswell/gcc-4.8.5/gmp-6.2.1-4huaro/lib -Wl -rpath /opt/sw/rev/21.12/haswell/gcc-4.8.5/zlib-1.2.11-ixo344/lib -Wl -rpath /opt/sw/rev/21.12/haswell/gcc-4.8.5/mpc-1.1.0-pv4jgc/lib -Wl -rpath /opt/sw/rev/21.12/haswell/gcc-4.8.5/mpfr-3.1.6-22qap7/lib' --with-boot-ldflags='-Wl -rpath /opt/sw/rev/21.12/haswell/gcc-4.8.5/gcc-9.3.0-dsemxk/lib -Wl -rpath /opt/sw/rev/21.12/haswell/gcc-4.8.5/gcc-9.3.0-dsemxk/lib64 -Wl -rpath /opt/sw/rev/21.12/haswell/gcc-4.8.5/gmp-6.2.1-4huaro/lib -Wl -rpath /opt/sw/rev/21.12/haswell/gcc-4.8.5/zlib-1.2.11-ixo344/lib -Wl -rpath /opt/sw/rev/21.12/haswell/gcc-4.8.5/mpc-1.1.0-pv4jgc/lib -Wl -rpath /opt/sw/rev/21.12/haswell/gcc-4.8.5/mpfr-3.1.6-22qap7/lib -static-libstdc++ -static-libgcc']
  ignore line: [Thread model: posix]
  ignore line: [gcc version 9.3.0 (Spack GCC) ]
  ignore line: [COMPILER_PATH=/opt/sw/rev/21.12/haswell/gcc-4.8.5/gcc-9.3.0-dsemxk/libexec/gcc/x86_64-pc-linux-gnu/9.3.0/:/opt/sw/rev/21.12/haswell/gcc-4.8.5/gcc-9.3.0-dsemxk/libexec/gcc/x86_64-pc-linux-gnu/9.3.0/:/opt/sw/rev/21.12/haswell/gcc-4.8.5/gcc-9.3.0-dsemxk/libexec/gcc/x86_64-pc-linux-gnu/:/opt/sw/rev/21.12/haswell/gcc-4.8.5/gcc-9.3.0-dsemxk/lib/gcc/x86_64-pc-linux-gnu/9.3.0/:/opt/sw/rev/21.12/haswell/gcc-4.8.5/gcc-9.3.0-dsemxk/lib/gcc/x86_64-pc-linux-gnu/]
  ignore line: [LIBRARY_PATH=/opt/sw/rev/21.12/haswell/gcc-4.8.5/gcc-9.3.0-dsemxk/lib64/../lib64/:/opt/sw/rev/21.12/haswell/gcc-4.8.5/gcc-9.3.0-dsemxk/lib/../lib64/:/opt/sw/rev/21.12/haswell/gcc-4.8.5/gcc-9.3.0-dsemxk/lib/gcc/x86_64-pc-linux-gnu/9.3.0/:/opt/sw/rev/21.12/haswell/gcc-4.8.5/gcc-9.3.0-dsemxk/lib/gcc/x86_64-pc-linux-gnu/9.3.0/../../../../lib64/:/lib/../lib64/:/usr/lib/../lib64/:/opt/sw/rev/21.12/haswell/gcc-9.3.0/scorep-7.0-5z46kv/lib/:/opt/sw/rev/21.12/cascadelake/gcc-9.3.0/openmpi-4.1.1-ibhhql/lib/:/opt/sw/rev/21.12/haswell/gcc-4.8.5/gcc-9.3.0-dsemxk/lib64/:/opt/sw/rev/21.12/haswell/gcc-4.8.5/gcc-9.3.0-dsemxk/lib/:/opt/sw/rev/21.12/haswell/gcc-4.8.5/gcc-9.3.0-dsemxk/lib/gcc/x86_64-pc-linux-gnu/9.3.0/../../../:/lib/:/usr/lib/]
  ignore line: [Reading specs from /opt/sw/rev/21.12/haswell/gcc-4.8.5/gcc-9.3.0-dsemxk/lib64/../lib64/libgomp.spec]
  ignore line: [COLLECT_GCC_OPTIONS='-fopenmp' '-v' '-o' 'cmTC_8bb79' '-v' '-mtune=generic' '-march=x86-64' '-pthread']
  link line: [ /opt/sw/rev/21.12/haswell/gcc-4.8.5/gcc-9.3.0-dsemxk/libexec/gcc/x86_64-pc-linux-gnu/9.3.0/collect2 -plugin /opt/sw/rev/21.12/haswell/gcc-4.8.5/gcc-9.3.0-dsemxk/libexec/gcc/x86_64-pc-linux-gnu/9.3.0/liblto_plugin.so -plugin-opt=/opt/sw/rev/21.12/haswell/gcc-4.8.5/gcc-9.3.0-dsemxk/libexec/gcc/x86_64-pc-linux-gnu/9.3.0/lto-wrapper -plugin-opt=-fresolution=/tmp/ccELA0Mm.res -plugin-opt=-pass-through=-lgcc -plugin-opt=-pass-through=-lgcc_s -plugin-opt=-pass-through=-lpthread -plugin-opt=-pass-through=-lc -plugin-opt=-pass-through=-lgcc -plugin-opt=-pass-through=-lgcc_s --eh-frame-hdr -m elf_x86_64 -dynamic-linker /lib64/ld-linux-x86-64.so.2 -o cmTC_8bb79 /lib/../lib64/crt1.o /lib/../lib64/crti.o /opt/sw/rev/21.12/haswell/gcc-4.8.5/gcc-9.3.0-dsemxk/lib/gcc/x86_64-pc-linux-gnu/9.3.0/crtbegin.o -rpath /opt/sw/rev/21.12/haswell/gcc-4.8.5/gcc-9.3.0-dsemxk/lib64 -L/opt/sw/rev/21.12/haswell/gcc-4.8.5/gcc-9.3.0-dsemxk/lib64/../lib64 -L/opt/sw/rev/21.12/haswell/gcc-4.8.5/gcc-9.3.0-dsemxk/lib/../lib64 -L/opt/sw/rev/21.12/haswell/gcc-4.8.5/gcc-9.3.0-dsemxk/lib/gcc/x86_64-pc-linux-gnu/9.3.0 -L/opt/sw/rev/21.12/haswell/gcc-4.8.5/gcc-9.3.0-dsemxk/lib/gcc/x86_64-pc-linux-gnu/9.3.0/../../../../lib64 -L/lib/../lib64 -L/usr/lib/../lib64 -L/opt/sw/rev/21.12/haswell/gcc-9.3.0/scorep-7.0-5z46kv/lib -L/opt/sw/rev/21.12/cascadelake/gcc-9.3.0/openmpi-4.1.1-ibhhql/lib -L/opt/sw/rev/21.12/haswell/gcc-4.8.5/gcc-9.3.0-dsemxk/lib64 -L/opt/sw/rev/21.12/haswell/gcc-4.8.5/gcc-9.3.0-dsemxk/lib -L/opt/sw/rev/21.12/haswell/gcc-4.8.5/gcc-9.3.0-dsemxk/lib/gcc/x86_64-pc-linux-gnu/9.3.0/../../.. CMakeFiles/cmTC_8bb79.dir/OpenMPTryFlag.c.o -lgomp -lgcc --as-needed -lgcc_s --no-as-needed -lpthread -lc -lgcc --as-needed -lgcc_s --no-as-needed /opt/sw/rev/21.12/haswell/gcc-4.8.5/gcc-9.3.0-dsemxk/lib/gcc/x86_64-pc-linux-gnu/9.3.0/crtend.o /lib/../lib64/crtn.o]
    arg [/opt/sw/rev/21.12/haswell/gcc-4.8.5/gcc-9.3.0-dsemxk/libexec/gcc/x86_64-pc-linux-gnu/9.3.0/collect2] ==> ignore
    arg [-plugin] ==> ignore
    arg [/opt/sw/rev/21.12/haswell/gcc-4.8.5/gcc-9.3.0-dsemxk/libexec/gcc/x86_64-pc-linux-gnu/9.3.0/liblto_plugin.so] ==> ignore
    arg [-plugin-opt=/opt/sw/rev/21.12/haswell/gcc-4.8.5/gcc-9.3.0-dsemxk/libexec/gcc/x86_64-pc-linux-gnu/9.3.0/lto-wrapper] ==> ignore
    arg [-plugin-opt=-fresolution=/tmp/ccELA0Mm.res] ==> ignore
    arg [-plugin-opt=-pass-through=-lgcc] ==> ignore
    arg [-plugin-opt=-pass-through=-lgcc_s] ==> ignore
    arg [-plugin-opt=-pass-through=-lpthread] ==> ignore
    arg [-plugin-opt=-pass-through=-lc] ==> ignore
    arg [-plugin-opt=-pass-through=-lgcc] ==> ignore
    arg [-plugin-opt=-pass-through=-lgcc_s] ==> ignore
    arg [--eh-frame-hdr] ==> ignore
    arg [-m] ==> ignore
    arg [elf_x86_64] ==> ignore
    arg [-dynamic-linker] ==> ignore
    arg [/lib64/ld-linux-x86-64.so.2] ==> ignore
    arg [-o] ==> ignore
    arg [cmTC_8bb79] ==> ignore
    arg [-rpath] ==> ignore
    arg [/opt/sw/rev/21.12/haswell/gcc-4.8.5/gcc-9.3.0-dsemxk/lib64] ==> ignore
    arg [-L/opt/sw/rev/21.12/haswell/gcc-4.8.5/gcc-9.3.0-dsemxk/lib64/../lib64] ==> dir [/opt/sw/rev/21.12/haswell/gcc-4.8.5/gcc-9.3.0-dsemxk/lib64/../lib64]
    arg [-L/opt/sw/rev/21.12/haswell/gcc-4.8.5/gcc-9.3.0-dsemxk/lib/../lib64] ==> dir [/opt/sw/rev/21.12/haswell/gcc-4.8.5/gcc-9.3.0-dsemxk/lib/../lib64]
    arg [-L/opt/sw/rev/21.12/haswell/gcc-4.8.5/gcc-9.3.0-dsemxk/lib/gcc/x86_64-pc-linux-gnu/9.3.0] ==> dir [/opt/sw/rev/21.12/haswell/gcc-4.8.5/gcc-9.3.0-dsemxk/lib/gcc/x86_64-pc-linux-gnu/9.3.0]
    arg [-L/opt/sw/rev/21.12/haswell/gcc-4.8.5/gcc-9.3.0-dsemxk/lib/gcc/x86_64-pc-linux-gnu/9.3.0/../../../../lib64] ==> dir [/opt/sw/rev/21.12/haswell/gcc-4.8.5/gcc-9.3.0-dsemxk/lib/gcc/x86_64-pc-linux-gnu/9.3.0/../../../../lib64]
    arg [-L/lib/../lib64] ==> dir [/lib/../lib64]
    arg [-L/usr/lib/../lib64] ==> dir [/usr/lib/../lib64]
    arg [-L/opt/sw/rev/21.12/haswell/gcc-9.3.0/scorep-7.0-5z46kv/lib] ==> dir [/opt/sw/rev/21.12/haswell/gcc-9.3.0/scorep-7.0-5z46kv/lib]
    arg [-L/opt/sw/rev/21.12/cascadelake/gcc-9.3.0/openmpi-4.1.1-ibhhql/lib] ==> dir [/opt/sw/rev/21.12/cascadelake/gcc-9.3.0/openmpi-4.1.1-ibhhql/lib]
    arg [-L/opt/sw/rev/21.12/haswell/gcc-4.8.5/gcc-9.3.0-dsemxk/lib64] ==> dir [/opt/sw/rev/21.12/haswell/gcc-4.8.5/gcc-9.3.0-dsemxk/lib64]
    arg [-L/opt/sw/rev/21.12/haswell/gcc-4.8.5/gcc-9.3.0-dsemxk/lib] ==> dir [/opt/sw/rev/21.12/haswell/gcc-4.8.5/gcc-9.3.0-dsemxk/lib]
    arg [-L/opt/sw/rev/21.12/haswell/gcc-4.8.5/gcc-9.3.0-dsemxk/lib/gcc/x86_64-pc-linux-gnu/9.3.0/../../..] ==> dir [/opt/sw/rev/21.12/haswell/gcc-4.8.5/gcc-9.3.0-dsemxk/lib/gcc/x86_64-pc-linux-gnu/9.3.0/../../..]
    arg [CMakeFiles/cmTC_8bb79.dir/OpenMPTryFlag.c.o] ==> ignore
    arg [-lgomp] ==> lib [gomp]
    arg [-lgcc] ==> lib [gcc]
    arg [--as-needed] ==> ignore
    arg [-lgcc_s] ==> lib [gcc_s]
    arg [--no-as-needed] ==> ignore
    arg [-lpthread] ==> lib [pthread]
    arg [-lc] ==> lib [c]
    arg [-lgcc] ==> lib [gcc]
    arg [--as-needed] ==> ignore
    arg [-lgcc_s] ==> lib [gcc_s]
    arg [--no-as-needed] ==> ignore
  collapse library dir [/opt/sw/rev/21.12/haswell/gcc-4.8.5/gcc-9.3.0-dsemxk/lib64/../lib64] ==> [/opt/sw/rev/21.12/haswell/gcc-4.8.5/gcc-9.3.0-dsemxk/lib64]
  collapse library dir [/opt/sw/rev/21.12/haswell/gcc-4.8.5/gcc-9.3.0-dsemxk/lib/../lib64] ==> [/opt/sw/rev/21.12/haswell/gcc-4.8.5/gcc-9.3.0-dsemxk/lib64]
  collapse library dir [/opt/sw/rev/21.12/haswell/gcc-4.8.5/gcc-9.3.0-dsemxk/lib/gcc/x86_64-pc-linux-gnu/9.3.0] ==> [/opt/sw/rev/21.12/haswell/gcc-4.8.5/gcc-9.3.0-dsemxk/lib/gcc/x86_64-pc-linux-gnu/9.3.0]
  collapse library dir [/opt/sw/rev/21.12/haswell/gcc-4.8.5/gcc-9.3.0-dsemxk/lib/gcc/x86_64-pc-linux-gnu/9.3.0/../../../../lib64] ==> [/opt/sw/rev/21.12/haswell/gcc-4.8.5/gcc-9.3.0-dsemxk/lib64]
  collapse library dir [/lib/../lib64] ==> [/lib64]
  collapse library dir [/usr/lib/../lib64] ==> [/usr/lib64]
  collapse library dir [/opt/sw/rev/21.12/haswell/gcc-9.3.0/scorep-7.0-5z46kv/lib] ==> [/opt/sw/rev/21.12/haswell/gcc-9.3.0/scorep-7.0-5z46kv/lib]
  collapse library dir [/opt/sw/rev/21.12/cascadelake/gcc-9.3.0/openmpi-4.1.1-ibhhql/lib] ==> [/opt/sw/rev/21.12/cascadelake/gcc-9.3.0/openmpi-4.1.1-ibhhql/lib]
  collapse library dir [/opt/sw/rev/21.12/haswell/gcc-4.8.5/gcc-9.3.0-dsemxk/lib64] ==> [/opt/sw/rev/21.12/haswell/gcc-4.8.5/gcc-9.3.0-dsemxk/lib64]
  collapse library dir [/opt/sw/rev/21.12/haswell/gcc-4.8.5/gcc-9.3.0-dsemxk/lib] ==> [/opt/sw/rev/21.12/haswell/gcc-4.8.5/gcc-9.3.0-dsemxk/lib]
  collapse library dir [/opt/sw/rev/21.12/haswell/gcc-4.8.5/gcc-9.3.0-dsemxk/lib/gcc/x86_64-pc-linux-gnu/9.3.0/../../..] ==> [/opt/sw/rev/21.12/haswell/gcc-4.8.5/gcc-9.3.0-dsemxk/lib]
  implicit libs: [gomp;gcc;gcc_s;pthread;c;gcc;gcc_s]
  implicit objs: []
  implicit dirs: [/opt/sw/rev/21.12/haswell/gcc-4.8.5/gcc-9.3.0-dsemxk/lib64;/opt/sw/rev/21.12/haswell/gcc-4.8.5/gcc-9.3.0-dsemxk/lib/gcc/x86_64-pc-linux-gnu/9.3.0;/lib64;/usr/lib64;/opt/sw/rev/21.12/haswell/gcc-9.3.0/scorep-7.0-5z46kv/lib;/opt/sw/rev/21.12/cascadelake/gcc-9.3.0/openmpi-4.1.1-ibhhql/lib;/opt/sw/rev/21.12/haswell/gcc-4.8.5/gcc-9.3.0-dsemxk/lib]
  implicit fwks: []


